{"D:\\PolitoUni\\Courses\\Semster2\\SoftwareEngineering\\Project_Delivery3\\ezelectronics\\code\\server\\index.ts": {"path":"D:\\PolitoUni\\Courses\\Semster2\\SoftwareEngineering\\Project_Delivery3\\ezelectronics\\code\\server\\index.ts","statementMap":{"0":{"start":{"line":1,"column":13},"end":{"line":1,"column":28}},"1":{"start":{"line":2,"column":0},"end":{"line":2,"column":30}},"2":{"start":{"line":3,"column":0},"end":{"line":3,"column":37}},"3":{"start":{"line":4,"column":0},"end":{"line":4,"column":28}},"4":{"start":{"line":6,"column":0},"end":{"line":6,"column":16}},"5":{"start":{"line":7,"column":33},"end":{"line":7,"column":42}},"6":{"start":{"line":23,"column":9},"end":{"line":23,"column":12}},"7":{"start":{"line":9,"column":21},"end":{"line":9,"column":25}},"8":{"start":{"line":11,"column":20},"end":{"line":14,"column":2}},"9":{"start":{"line":15,"column":0},"end":{"line":15,"column":27}},"10":{"start":{"line":16,"column":0},"end":{"line":16,"column":null}},"11":{"start":{"line":17,"column":0},"end":{"line":21,"column":null}},"12":{"start":{"line":18,"column":4},"end":{"line":20,"column":7}},"13":{"start":{"line":19,"column":8},"end":{"line":19,"column":68}}},"fnMap":{"0":{"name":"(anonymous_1)","decl":{"start":{"line":18,"column":21},"end":{"line":18,"column":24}},"loc":{"start":{"line":18,"column":26},"end":{"line":20,"column":5}}}},"branchMap":{"0":{"loc":{"start":{"line":17,"column":0},"end":{"line":21,"column":null}},"type":"if","locations":[{"start":{"line":17,"column":0},"end":{"line":21,"column":null}}]}},"s":{"0":1,"1":1,"2":1,"3":1,"4":1,"5":1,"6":1,"7":1,"8":1,"9":1,"10":1,"11":1,"12":0,"13":0},"f":{"0":0},"b":{"0":[0]}}
,"D:\\PolitoUni\\Courses\\Semster2\\SoftwareEngineering\\Project_Delivery3\\ezelectronics\\code\\server\\src\\helper.ts": {"path":"D:\\PolitoUni\\Courses\\Semster2\\SoftwareEngineering\\Project_Delivery3\\ezelectronics\\code\\server\\src\\helper.ts","statementMap":{"0":{"start":{"line":1,"column":29},"end":{"line":1,"column":57}},"1":{"start":{"line":17,"column":23},"end":{"line":17,"column":44}},"2":{"start":{"line":18,"column":8},"end":{"line":24,"column":null}},"3":{"start":{"line":19,"column":24},"end":{"line":19,"column":71}},"4":{"start":{"line":20,"column":12},"end":{"line":22,"column":null}},"5":{"start":{"line":21,"column":16},"end":{"line":21,"column":null}},"6":{"start":{"line":23,"column":12},"end":{"line":23,"column":null}},"7":{"start":{"line":25,"column":8},"end":{"line":25,"column":null}},"8":{"start":{"line":33,"column":8},"end":{"line":38,"column":null}},"9":{"start":{"line":34,"column":12},"end":{"line":37,"column":15}},"10":{"start":{"line":42,"column":0},"end":{"line":42,"column":null}}},"fnMap":{"0":{"name":"(anonymous_0)","decl":{"start":{"line":16,"column":4},"end":{"line":16,"column":19}},"loc":{"start":{"line":16,"column":49},"end":{"line":26,"column":5}}},"1":{"name":"(anonymous_1)","decl":{"start":{"line":20,"column":35},"end":{"line":20,"column":36}},"loc":{"start":{"line":20,"column":46},"end":{"line":22,"column":13}}},"2":{"name":"(anonymous_2)","decl":{"start":{"line":32,"column":4},"end":{"line":32,"column":10}},"loc":{"start":{"line":32,"column":59},"end":{"line":39,"column":5}}},"3":{"name":"(anonymous_3)","decl":{"start":{"line":33,"column":19},"end":{"line":33,"column":20}},"loc":{"start":{"line":33,"column":63},"end":{"line":38,"column":9}}}},"branchMap":{"0":{"loc":{"start":{"line":18,"column":8},"end":{"line":24,"column":null}},"type":"if","locations":[{"start":{"line":18,"column":8},"end":{"line":24,"column":null}}]},"1":{"loc":{"start":{"line":34,"column":30},"end":{"line":34,"column":51}},"type":"binary-expr","locations":[{"start":{"line":34,"column":30},"end":{"line":34,"column":44}},{"start":{"line":34,"column":48},"end":{"line":34,"column":51}}]},"2":{"loc":{"start":{"line":35,"column":23},"end":{"line":35,"column":67}},"type":"binary-expr","locations":[{"start":{"line":35,"column":23},"end":{"line":35,"column":40}},{"start":{"line":35,"column":44},"end":{"line":35,"column":67}}]},"3":{"loc":{"start":{"line":36,"column":24},"end":{"line":36,"column":45}},"type":"binary-expr","locations":[{"start":{"line":36,"column":24},"end":{"line":36,"column":38}},{"start":{"line":36,"column":42},"end":{"line":36,"column":45}}]}},"s":{"0":1,"1":49,"2":49,"3":28,"4":28,"5":32,"6":28,"7":21,"8":1,"9":22,"10":1},"f":{"0":49,"1":32,"2":1,"3":22},"b":{"0":[28],"1":[22,22],"2":[22,22],"3":[22,22]}}
,"D:\\PolitoUni\\Courses\\Semster2\\SoftwareEngineering\\Project_Delivery3\\ezelectronics\\code\\server\\src\\routes.ts": {"path":"D:\\PolitoUni\\Courses\\Semster2\\SoftwareEngineering\\Project_Delivery3\\ezelectronics\\code\\server\\src\\routes.ts","statementMap":{"0":{"start":{"line":1,"column":0},"end":{"line":1,"column":29}},"1":{"start":{"line":2,"column":0},"end":{"line":2,"column":35}},"2":{"start":{"line":3,"column":0},"end":{"line":3,"column":42}},"3":{"start":{"line":4,"column":0},"end":{"line":4,"column":61}},"4":{"start":{"line":5,"column":0},"end":{"line":5,"column":51}},"5":{"start":{"line":6,"column":0},"end":{"line":6,"column":45}},"6":{"start":{"line":7,"column":0},"end":{"line":7,"column":49}},"7":{"start":{"line":9,"column":15},"end":{"line":9,"column":32}},"8":{"start":{"line":10,"column":15},"end":{"line":10,"column":31}},"9":{"start":{"line":22,"column":4},"end":{"line":22,"column":27}},"10":{"start":{"line":23,"column":4},"end":{"line":23,"column":null}},"11":{"start":{"line":24,"column":4},"end":{"line":24,"column":null}},"12":{"start":{"line":32,"column":26},"end":{"line":32,"column":48}},"13":{"start":{"line":33,"column":23},"end":{"line":33,"column":52}},"14":{"start":{"line":34,"column":23},"end":{"line":34,"column":52}},"15":{"start":{"line":35,"column":26},"end":{"line":35,"column":58}},"16":{"start":{"line":36,"column":23},"end":{"line":36,"column":52}},"17":{"start":{"line":37,"column":25},"end":{"line":37,"column":56}},"18":{"start":{"line":42,"column":4},"end":{"line":42,"column":null}},"19":{"start":{"line":43,"column":4},"end":{"line":43,"column":null}},"20":{"start":{"line":44,"column":4},"end":{"line":44,"column":null}},"21":{"start":{"line":45,"column":4},"end":{"line":45,"column":null}},"22":{"start":{"line":46,"column":4},"end":{"line":46,"column":null}},"23":{"start":{"line":48,"column":4},"end":{"line":48,"column":null}},"24":{"start":{"line":51,"column":0},"end":{"line":51,"column":null}}},"fnMap":{"0":{"name":"initRoutes","decl":{"start":{"line":21,"column":9},"end":{"line":21,"column":19}},"loc":{"start":{"line":21,"column":44},"end":{"line":49,"column":1}}}},"branchMap":{},"s":{"0":1,"1":1,"2":1,"3":1,"4":1,"5":1,"6":1,"7":1,"8":1,"9":1,"10":1,"11":1,"12":1,"13":1,"14":1,"15":1,"16":1,"17":1,"18":1,"19":1,"20":1,"21":1,"22":1,"23":1,"24":1},"f":{"0":1},"b":{}}
,"D:\\PolitoUni\\Courses\\Semster2\\SoftwareEngineering\\Project_Delivery3\\ezelectronics\\code\\server\\src\\utilities.ts": {"path":"D:\\PolitoUni\\Courses\\Semster2\\SoftwareEngineering\\Project_Delivery3\\ezelectronics\\code\\server\\src\\utilities.ts","statementMap":{"0":{"start":{"line":1,"column":0},"end":{"line":1,"column":46}},"1":{"start":{"line":2,"column":19},"end":{"line":2,"column":71}},"2":{"start":{"line":14,"column":8},"end":{"line":14,"column":null}},"3":{"start":{"line":22,"column":8},"end":{"line":22,"column":null}},"4":{"start":{"line":26,"column":8},"end":{"line":26,"column":null}},"5":{"start":{"line":42,"column":9},"end":{"line":42,"column":16}},"6":{"start":{"line":36,"column":8},"end":{"line":36,"column":null}},"7":{"start":{"line":37,"column":8},"end":{"line":37,"column":null}},"8":{"start":{"line":38,"column":8},"end":{"line":38,"column":null}},"9":{"start":{"line":42,"column":18},"end":{"line":42,"column":27}}},"fnMap":{"0":{"name":"(anonymous_0)","decl":{"start":{"line":13,"column":4},"end":{"line":13,"column":10}},"loc":{"start":{"line":13,"column":31},"end":{"line":15,"column":5}}},"1":{"name":"(anonymous_1)","decl":{"start":{"line":21,"column":4},"end":{"line":21,"column":10}},"loc":{"start":{"line":21,"column":32},"end":{"line":23,"column":5}}},"2":{"name":"(anonymous_2)","decl":{"start":{"line":25,"column":4},"end":{"line":25,"column":10}},"loc":{"start":{"line":25,"column":29},"end":{"line":27,"column":5}}},"3":{"name":"(anonymous_3)","decl":{"start":{"line":35,"column":4},"end":{"line":35,"column":null}},"loc":{"start":{"line":35,"column":4},"end":{"line":39,"column":5}}}},"branchMap":{},"s":{"0":1,"1":1,"2":49,"3":0,"4":50,"5":1,"6":4,"7":4,"8":4,"9":1},"f":{"0":49,"1":0,"2":50,"3":4},"b":{}}
,"D:\\PolitoUni\\Courses\\Semster2\\SoftwareEngineering\\Project_Delivery3\\ezelectronics\\code\\server\\src\\components\\cart.ts": {"path":"D:\\PolitoUni\\Courses\\Semster2\\SoftwareEngineering\\Project_Delivery3\\ezelectronics\\code\\server\\src\\components\\cart.ts","statementMap":{"0":{"start":{"line":22,"column":8},"end":{"line":22,"column":null}},"1":{"start":{"line":23,"column":8},"end":{"line":23,"column":null}},"2":{"start":{"line":24,"column":8},"end":{"line":24,"column":null}},"3":{"start":{"line":25,"column":8},"end":{"line":25,"column":null}},"4":{"start":{"line":26,"column":8},"end":{"line":26,"column":null}},"5":{"start":{"line":54,"column":9},"end":{"line":54,"column":13}},"6":{"start":{"line":47,"column":8},"end":{"line":47,"column":null}},"7":{"start":{"line":48,"column":8},"end":{"line":48,"column":null}},"8":{"start":{"line":49,"column":8},"end":{"line":49,"column":null}},"9":{"start":{"line":50,"column":8},"end":{"line":50,"column":null}},"10":{"start":{"line":54,"column":15},"end":{"line":54,"column":28}}},"fnMap":{"0":{"name":"(anonymous_0)","decl":{"start":{"line":21,"column":4},"end":{"line":21,"column":16}},"loc":{"start":{"line":21,"column":110},"end":{"line":27,"column":5}}},"1":{"name":"(anonymous_1)","decl":{"start":{"line":46,"column":4},"end":{"line":46,"column":16}},"loc":{"start":{"line":46,"column":82},"end":{"line":51,"column":5}}}},"branchMap":{},"s":{"0":0,"1":0,"2":0,"3":0,"4":0,"5":1,"6":0,"7":0,"8":0,"9":0,"10":1},"f":{"0":0,"1":0},"b":{}}
,"D:\\PolitoUni\\Courses\\Semster2\\SoftwareEngineering\\Project_Delivery3\\ezelectronics\\code\\server\\src\\components\\product.ts": {"path":"D:\\PolitoUni\\Courses\\Semster2\\SoftwareEngineering\\Project_Delivery3\\ezelectronics\\code\\server\\src\\components\\product.ts","statementMap":{"0":{"start":{"line":23,"column":8},"end":{"line":23,"column":41}},"1":{"start":{"line":24,"column":8},"end":{"line":24,"column":27}},"2":{"start":{"line":25,"column":8},"end":{"line":25,"column":33}},"3":{"start":{"line":26,"column":8},"end":{"line":26,"column":39}},"4":{"start":{"line":27,"column":8},"end":{"line":27,"column":31}},"5":{"start":{"line":28,"column":8},"end":{"line":28,"column":33}},"6":{"start":{"line":41,"column":9},"end":{"line":41,"column":16}},"7":{"start":{"line":35,"column":0},"end":{"line":35,"column":null}},"8":{"start":{"line":36,"column":4},"end":{"line":36,"column":null}},"9":{"start":{"line":37,"column":4},"end":{"line":37,"column":null}},"10":{"start":{"line":38,"column":4},"end":{"line":38,"column":null}},"11":{"start":{"line":41,"column":18},"end":{"line":41,"column":26}}},"fnMap":{"0":{"name":"(anonymous_0)","decl":{"start":{"line":22,"column":4},"end":{"line":22,"column":16}},"loc":{"start":{"line":22,"column":141},"end":{"line":29,"column":5}}},"1":{"name":"(anonymous_1)","decl":{"start":{"line":35,"column":0},"end":{"line":35,"column":5}},"loc":{"start":{"line":35,"column":13},"end":{"line":39,"column":1}}}},"branchMap":{"0":{"loc":{"start":{"line":35,"column":5},"end":{"line":35,"column":null}},"type":"binary-expr","locations":[{"start":{"line":35,"column":5},"end":{"line":35,"column":13}},{"start":{"line":35,"column":5},"end":{"line":35,"column":null}}]}},"s":{"0":0,"1":0,"2":0,"3":0,"4":0,"5":0,"6":1,"7":1,"8":1,"9":1,"10":1,"11":1},"f":{"0":0,"1":1},"b":{"0":[1,1]}}
,"D:\\PolitoUni\\Courses\\Semster2\\SoftwareEngineering\\Project_Delivery3\\ezelectronics\\code\\server\\src\\components\\review.ts": {"path":"D:\\PolitoUni\\Courses\\Semster2\\SoftwareEngineering\\Project_Delivery3\\ezelectronics\\code\\server\\src\\components\\review.ts","statementMap":{"0":{"start":{"line":20,"column":8},"end":{"line":20,"column":null}},"1":{"start":{"line":21,"column":8},"end":{"line":21,"column":null}},"2":{"start":{"line":22,"column":8},"end":{"line":22,"column":null}},"3":{"start":{"line":23,"column":8},"end":{"line":23,"column":null}},"4":{"start":{"line":24,"column":8},"end":{"line":24,"column":null}},"5":{"start":{"line":28,"column":9},"end":{"line":28,"column":22}}},"fnMap":{"0":{"name":"(anonymous_0)","decl":{"start":{"line":19,"column":4},"end":{"line":19,"column":16}},"loc":{"start":{"line":19,"column":89},"end":{"line":25,"column":5}}}},"branchMap":{},"s":{"0":0,"1":0,"2":0,"3":0,"4":0,"5":1},"f":{"0":0},"b":{}}
,"D:\\PolitoUni\\Courses\\Semster2\\SoftwareEngineering\\Project_Delivery3\\ezelectronics\\code\\server\\src\\components\\user.ts": {"path":"D:\\PolitoUni\\Courses\\Semster2\\SoftwareEngineering\\Project_Delivery3\\ezelectronics\\code\\server\\src\\components\\user.ts","statementMap":{"0":{"start":{"line":22,"column":8},"end":{"line":22,"column":null}},"1":{"start":{"line":23,"column":8},"end":{"line":23,"column":null}},"2":{"start":{"line":24,"column":8},"end":{"line":24,"column":null}},"3":{"start":{"line":25,"column":8},"end":{"line":25,"column":null}},"4":{"start":{"line":26,"column":8},"end":{"line":26,"column":null}},"5":{"start":{"line":27,"column":8},"end":{"line":27,"column":null}},"6":{"start":{"line":41,"column":9},"end":{"line":41,"column":13}},"7":{"start":{"line":35,"column":0},"end":{"line":35,"column":null}},"8":{"start":{"line":36,"column":4},"end":{"line":36,"column":null}},"9":{"start":{"line":37,"column":4},"end":{"line":37,"column":null}},"10":{"start":{"line":38,"column":4},"end":{"line":38,"column":null}},"11":{"start":{"line":41,"column":15},"end":{"line":41,"column":19}}},"fnMap":{"0":{"name":"(anonymous_0)","decl":{"start":{"line":21,"column":4},"end":{"line":21,"column":16}},"loc":{"start":{"line":21,"column":111},"end":{"line":28,"column":5}}},"1":{"name":"(anonymous_1)","decl":{"start":{"line":35,"column":0},"end":{"line":35,"column":5}},"loc":{"start":{"line":35,"column":9},"end":{"line":39,"column":1}}}},"branchMap":{"0":{"loc":{"start":{"line":35,"column":5},"end":{"line":35,"column":null}},"type":"binary-expr","locations":[{"start":{"line":35,"column":5},"end":{"line":35,"column":9}},{"start":{"line":35,"column":5},"end":{"line":35,"column":null}}]}},"s":{"0":59,"1":59,"2":59,"3":59,"4":59,"5":59,"6":1,"7":1,"8":1,"9":1,"10":1,"11":1},"f":{"0":59,"1":1},"b":{"0":[1,1]}}
,"D:\\PolitoUni\\Courses\\Semster2\\SoftwareEngineering\\Project_Delivery3\\ezelectronics\\code\\server\\src\\controllers\\cartController.ts": {"path":"D:\\PolitoUni\\Courses\\Semster2\\SoftwareEngineering\\Project_Delivery3\\ezelectronics\\code\\server\\src\\controllers\\cartController.ts","statementMap":{"0":{"start":{"line":1,"column":0},"end":{"line":1,"column":115}},"1":{"start":{"line":3,"column":0},"end":{"line":3,"column":37}},"2":{"start":{"line":4,"column":0},"end":{"line":4,"column":42}},"3":{"start":{"line":5,"column":0},"end":{"line":5,"column":86}},"4":{"start":{"line":6,"column":0},"end":{"line":6,"column":43}},"5":{"start":{"line":17,"column":8},"end":{"line":17,"column":31}},"6":{"start":{"line":18,"column":8},"end":{"line":18,"column":41}},"7":{"start":{"line":30,"column":33},"end":{"line":30,"column":69}},"8":{"start":{"line":31,"column":8},"end":{"line":32,"column":45}},"9":{"start":{"line":32,"column":12},"end":{"line":32,"column":45}},"10":{"start":{"line":33,"column":8},"end":{"line":34,"column":47}},"11":{"start":{"line":34,"column":12},"end":{"line":34,"column":47}},"12":{"start":{"line":36,"column":8},"end":{"line":36,"column":64}},"13":{"start":{"line":46,"column":21},"end":{"line":46,"column":58}},"14":{"start":{"line":47,"column":8},"end":{"line":49,"column":null}},"15":{"start":{"line":48,"column":12},"end":{"line":48,"column":63}},"16":{"start":{"line":50,"column":8},"end":{"line":50,"column":20}},"17":{"start":{"line":60,"column":28},"end":{"line":60,"column":69}},"18":{"start":{"line":61,"column":8},"end":{"line":62,"column":39}},"19":{"start":{"line":62,"column":12},"end":{"line":62,"column":39}},"20":{"start":{"line":63,"column":29},"end":{"line":63,"column":71}},"21":{"start":{"line":64,"column":8},"end":{"line":65,"column":47}},"22":{"start":{"line":65,"column":12},"end":{"line":65,"column":47}},"23":{"start":{"line":66,"column":42},"end":{"line":66,"column":97}},"24":{"start":{"line":67,"column":8},"end":{"line":68,"column":47}},"25":{"start":{"line":68,"column":12},"end":{"line":68,"column":47}},"26":{"start":{"line":70,"column":31},"end":{"line":70,"column":78}},"27":{"start":{"line":71,"column":25},"end":{"line":71,"column":67}},"28":{"start":{"line":72,"column":8},"end":{"line":76,"column":null}},"29":{"start":{"line":73,"column":12},"end":{"line":75,"column":15}},"30":{"start":{"line":73,"column":51},"end":{"line":75,"column":14}},"31":{"start":{"line":74,"column":16},"end":{"line":74,"column":83}},"32":{"start":{"line":77,"column":8},"end":{"line":77,"column":24}},"33":{"start":{"line":87,"column":8},"end":{"line":87,"column":62}},"34":{"start":{"line":96,"column":8},"end":{"line":96,"column":76}},"35":{"start":{"line":105,"column":8},"end":{"line":105,"column":55}},"36":{"start":{"line":113,"column":8},"end":{"line":113,"column":47}},"37":{"start":{"line":121,"column":8},"end":{"line":121,"column":44}},"38":{"start":{"line":125,"column":0},"end":{"line":125,"column":null}}},"fnMap":{"0":{"name":"(anonymous_8)","decl":{"start":{"line":16,"column":4},"end":{"line":16,"column":null}},"loc":{"start":{"line":16,"column":4},"end":{"line":19,"column":5}}},"1":{"name":"(anonymous_9)","decl":{"start":{"line":29,"column":10},"end":{"line":29,"column":19}},"loc":{"start":{"line":29,"column":47},"end":{"line":37,"column":null}}},"2":{"name":"(anonymous_11)","decl":{"start":{"line":45,"column":10},"end":{"line":45,"column":17}},"loc":{"start":{"line":45,"column":28},"end":{"line":51,"column":null}}},"3":{"name":"(anonymous_13)","decl":{"start":{"line":59,"column":10},"end":{"line":59,"column":22}},"loc":{"start":{"line":59,"column":33},"end":{"line":78,"column":null}}},"4":{"name":"(anonymous_15)","decl":{"start":{"line":73,"column":35},"end":{"line":73,"column":41}},"loc":{"start":{"line":73,"column":51},"end":{"line":75,"column":14}}},"5":{"name":"(anonymous_16)","decl":{"start":{"line":73,"column":51},"end":{"line":73,"column":null}},"loc":{"start":{"line":73,"column":51},"end":{"line":75,"column":13}}},"6":{"name":"(anonymous_17)","decl":{"start":{"line":86,"column":10},"end":{"line":86,"column":26}},"loc":{"start":{"line":86,"column":37},"end":{"line":88,"column":null}}},"7":{"name":"(anonymous_19)","decl":{"start":{"line":95,"column":10},"end":{"line":95,"column":31}},"loc":{"start":{"line":95,"column":59},"end":{"line":97,"column":null}}},"8":{"name":"(anonymous_21)","decl":{"start":{"line":104,"column":10},"end":{"line":104,"column":19}},"loc":{"start":{"line":104,"column":30},"end":{"line":106,"column":null}}},"9":{"name":"(anonymous_23)","decl":{"start":{"line":112,"column":10},"end":{"line":112,"column":24}},"loc":{"start":{"line":112,"column":24},"end":{"line":114,"column":null}}},"10":{"name":"(anonymous_25)","decl":{"start":{"line":120,"column":10},"end":{"line":120,"column":21}},"loc":{"start":{"line":120,"column":21},"end":{"line":122,"column":null}}}},"branchMap":{"0":{"loc":{"start":{"line":31,"column":8},"end":{"line":32,"column":45}},"type":"if","locations":[{"start":{"line":31,"column":8},"end":{"line":32,"column":45}}]},"1":{"loc":{"start":{"line":33,"column":8},"end":{"line":34,"column":47}},"type":"if","locations":[{"start":{"line":33,"column":8},"end":{"line":34,"column":47}}]},"2":{"loc":{"start":{"line":47,"column":8},"end":{"line":49,"column":null}},"type":"if","locations":[{"start":{"line":47,"column":8},"end":{"line":49,"column":null}}]},"3":{"loc":{"start":{"line":61,"column":8},"end":{"line":62,"column":39}},"type":"if","locations":[{"start":{"line":61,"column":8},"end":{"line":62,"column":39}}]},"4":{"loc":{"start":{"line":64,"column":8},"end":{"line":65,"column":47}},"type":"if","locations":[{"start":{"line":64,"column":8},"end":{"line":65,"column":47}}]},"5":{"loc":{"start":{"line":67,"column":8},"end":{"line":68,"column":47}},"type":"if","locations":[{"start":{"line":67,"column":8},"end":{"line":68,"column":47}}]},"6":{"loc":{"start":{"line":72,"column":8},"end":{"line":76,"column":null}},"type":"if","locations":[{"start":{"line":72,"column":8},"end":{"line":76,"column":null}}]}},"s":{"0":1,"1":1,"2":1,"3":1,"4":1,"5":1,"6":1,"7":0,"8":0,"9":0,"10":0,"11":0,"12":0,"13":0,"14":0,"15":0,"16":0,"17":0,"18":0,"19":0,"20":0,"21":0,"22":0,"23":0,"24":0,"25":0,"26":0,"27":0,"28":0,"29":0,"30":0,"31":0,"32":0,"33":0,"34":0,"35":0,"36":0,"37":0,"38":1},"f":{"0":1,"1":0,"2":0,"3":0,"4":0,"5":0,"6":0,"7":0,"8":0,"9":0,"10":0},"b":{"0":[0],"1":[0],"2":[0],"3":[0],"4":[0],"5":[0],"6":[0]}}
,"D:\\PolitoUni\\Courses\\Semster2\\SoftwareEngineering\\Project_Delivery3\\ezelectronics\\code\\server\\src\\controllers\\productController.ts": {"path":"D:\\PolitoUni\\Courses\\Semster2\\SoftwareEngineering\\Project_Delivery3\\ezelectronics\\code\\server\\src\\controllers\\productController.ts","statementMap":{"0":{"start":{"line":1,"column":0},"end":{"line":1,"column":41}},"1":{"start":{"line":3,"column":0},"end":{"line":3,"column":43}},"2":{"start":{"line":4,"column":0},"end":{"line":4,"column":131}},"3":{"start":{"line":6,"column":14},"end":{"line":6,"column":30}},"4":{"start":{"line":17,"column":8},"end":{"line":17,"column":null}},"5":{"start":{"line":32,"column":32},"end":{"line":32,"column":71}},"6":{"start":{"line":33,"column":8},"end":{"line":35,"column":null}},"7":{"start":{"line":34,"column":12},"end":{"line":34,"column":50}},"8":{"start":{"line":37,"column":8},"end":{"line":38,"column":34}},"9":{"start":{"line":38,"column":12},"end":{"line":38,"column":34}},"10":{"start":{"line":40,"column":8},"end":{"line":40,"column":103}},"11":{"start":{"line":51,"column":28},"end":{"line":51,"column":67}},"12":{"start":{"line":52,"column":12},"end":{"line":52,"column":40}},"13":{"start":{"line":53,"column":12},"end":{"line":54,"column":49}},"14":{"start":{"line":54,"column":16},"end":{"line":54,"column":49}},"15":{"start":{"line":56,"column":12},"end":{"line":57,"column":38}},"16":{"start":{"line":57,"column":16},"end":{"line":57,"column":38}},"17":{"start":{"line":59,"column":36},"end":{"line":59,"column":66}},"18":{"start":{"line":60,"column":12},"end":{"line":60,"column":73}},"19":{"start":{"line":61,"column":12},"end":{"line":61,"column":35}},"20":{"start":{"line":73,"column":28},"end":{"line":73,"column":67}},"21":{"start":{"line":74,"column":12},"end":{"line":76,"column":null}},"22":{"start":{"line":75,"column":16},"end":{"line":75,"column":49}},"23":{"start":{"line":78,"column":36},"end":{"line":78,"column":43}},"24":{"start":{"line":80,"column":12},"end":{"line":81,"column":38}},"25":{"start":{"line":81,"column":16},"end":{"line":81,"column":38}},"26":{"start":{"line":83,"column":12},"end":{"line":85,"column":null}},"27":{"start":{"line":84,"column":16},"end":{"line":84,"column":51}},"28":{"start":{"line":87,"column":12},"end":{"line":89,"column":null}},"29":{"start":{"line":88,"column":16},"end":{"line":88,"column":49}},"30":{"start":{"line":91,"column":36},"end":{"line":91,"column":71}},"31":{"start":{"line":92,"column":12},"end":{"line":92,"column":73}},"32":{"start":{"line":93,"column":12},"end":{"line":93,"column":35}},"33":{"start":{"line":106,"column":8},"end":{"line":106,"column":47}},"34":{"start":{"line":107,"column":8},"end":{"line":113,"column":47}},"35":{"start":{"line":108,"column":12},"end":{"line":108,"column":61}},"36":{"start":{"line":109,"column":13},"end":{"line":113,"column":47}},"37":{"start":{"line":110,"column":12},"end":{"line":110,"column":66}},"38":{"start":{"line":113,"column":8},"end":{"line":113,"column":47}},"39":{"start":{"line":124,"column":8},"end":{"line":130,"column":53}},"40":{"start":{"line":125,"column":12},"end":{"line":125,"column":69}},"41":{"start":{"line":126,"column":13},"end":{"line":130,"column":53}},"42":{"start":{"line":127,"column":12},"end":{"line":127,"column":75}},"43":{"start":{"line":130,"column":8},"end":{"line":130,"column":53}},"44":{"start":{"line":140,"column":12},"end":{"line":140,"column":54}},"45":{"start":{"line":150,"column":24},"end":{"line":150,"column":63}},"46":{"start":{"line":151,"column":8},"end":{"line":153,"column":null}},"47":{"start":{"line":152,"column":12},"end":{"line":152,"column":45}},"48":{"start":{"line":154,"column":8},"end":{"line":154,"column":51}},"49":{"start":{"line":159,"column":0},"end":{"line":159,"column":33}}},"fnMap":{"0":{"name":"(anonymous_8)","decl":{"start":{"line":16,"column":4},"end":{"line":16,"column":null}},"loc":{"start":{"line":16,"column":4},"end":{"line":18,"column":5}}},"1":{"name":"(anonymous_9)","decl":{"start":{"line":30,"column":10},"end":{"line":30,"column":26}},"loc":{"start":{"line":30,"column":150},"end":{"line":41,"column":null}}},"2":{"name":"(anonymous_11)","decl":{"start":{"line":50,"column":10},"end":{"line":50,"column":31}},"loc":{"start":{"line":50,"column":93},"end":{"line":62,"column":null}}},"3":{"name":"(anonymous_13)","decl":{"start":{"line":71,"column":10},"end":{"line":71,"column":21}},"loc":{"start":{"line":71,"column":81},"end":{"line":94,"column":null}}},"4":{"name":"(anonymous_15)","decl":{"start":{"line":105,"column":10},"end":{"line":105,"column":21}},"loc":{"start":{"line":105,"column":92},"end":{"line":114,"column":null}}},"5":{"name":"(anonymous_17)","decl":{"start":{"line":123,"column":10},"end":{"line":123,"column":30}},"loc":{"start":{"line":123,"column":101},"end":{"line":132,"column":null}}},"6":{"name":"(anonymous_19)","decl":{"start":{"line":139,"column":10},"end":{"line":139,"column":27}},"loc":{"start":{"line":139,"column":27},"end":{"line":141,"column":null}}},"7":{"name":"(anonymous_21)","decl":{"start":{"line":149,"column":10},"end":{"line":149,"column":23}},"loc":{"start":{"line":149,"column":37},"end":{"line":155,"column":null}}}},"branchMap":{"0":{"loc":{"start":{"line":33,"column":8},"end":{"line":35,"column":null}},"type":"if","locations":[{"start":{"line":33,"column":8},"end":{"line":35,"column":null}}]},"1":{"loc":{"start":{"line":37,"column":8},"end":{"line":38,"column":34}},"type":"if","locations":[{"start":{"line":37,"column":8},"end":{"line":38,"column":34}}]},"2":{"loc":{"start":{"line":53,"column":12},"end":{"line":54,"column":49}},"type":"if","locations":[{"start":{"line":53,"column":12},"end":{"line":54,"column":49}}]},"3":{"loc":{"start":{"line":56,"column":12},"end":{"line":57,"column":38}},"type":"if","locations":[{"start":{"line":56,"column":12},"end":{"line":57,"column":38}}]},"4":{"loc":{"start":{"line":74,"column":12},"end":{"line":76,"column":null}},"type":"if","locations":[{"start":{"line":74,"column":12},"end":{"line":76,"column":null}}]},"5":{"loc":{"start":{"line":80,"column":12},"end":{"line":81,"column":38}},"type":"if","locations":[{"start":{"line":80,"column":12},"end":{"line":81,"column":38}}]},"6":{"loc":{"start":{"line":83,"column":12},"end":{"line":85,"column":null}},"type":"if","locations":[{"start":{"line":83,"column":12},"end":{"line":85,"column":null}}]},"7":{"loc":{"start":{"line":87,"column":12},"end":{"line":89,"column":null}},"type":"if","locations":[{"start":{"line":87,"column":12},"end":{"line":89,"column":null}}]},"8":{"loc":{"start":{"line":107,"column":8},"end":{"line":113,"column":47}},"type":"if","locations":[{"start":{"line":107,"column":8},"end":{"line":113,"column":47}},{"start":{"line":109,"column":13},"end":{"line":113,"column":47}}]},"9":{"loc":{"start":{"line":109,"column":13},"end":{"line":113,"column":47}},"type":"if","locations":[{"start":{"line":109,"column":13},"end":{"line":113,"column":47}},{"start":{"line":113,"column":8},"end":{"line":113,"column":47}}]},"10":{"loc":{"start":{"line":124,"column":8},"end":{"line":130,"column":53}},"type":"if","locations":[{"start":{"line":124,"column":8},"end":{"line":130,"column":53}},{"start":{"line":126,"column":13},"end":{"line":130,"column":53}}]},"11":{"loc":{"start":{"line":126,"column":13},"end":{"line":130,"column":53}},"type":"if","locations":[{"start":{"line":126,"column":13},"end":{"line":130,"column":53}},{"start":{"line":130,"column":8},"end":{"line":130,"column":53}}]},"12":{"loc":{"start":{"line":151,"column":8},"end":{"line":153,"column":null}},"type":"if","locations":[{"start":{"line":151,"column":8},"end":{"line":153,"column":null}}]}},"s":{"0":1,"1":1,"2":1,"3":1,"4":1,"5":4,"6":0,"7":0,"8":0,"9":0,"10":0,"11":3,"12":0,"13":0,"14":0,"15":0,"16":0,"17":0,"18":0,"19":0,"20":4,"21":0,"22":0,"23":0,"24":0,"25":0,"26":0,"27":0,"28":0,"29":0,"30":0,"31":0,"32":0,"33":4,"34":4,"35":1,"36":3,"37":2,"38":1,"39":4,"40":1,"41":3,"42":2,"43":1,"44":1,"45":2,"46":0,"47":0,"48":0,"49":1},"f":{"0":1,"1":4,"2":3,"3":4,"4":4,"5":4,"6":1,"7":2},"b":{"0":[0],"1":[0],"2":[0],"3":[0],"4":[0],"5":[0],"6":[0],"7":[0],"8":[1,3],"9":[2,1],"10":[1,3],"11":[2,1],"12":[0]}}
,"D:\\PolitoUni\\Courses\\Semster2\\SoftwareEngineering\\Project_Delivery3\\ezelectronics\\code\\server\\src\\controllers\\reviewController.ts": {"path":"D:\\PolitoUni\\Courses\\Semster2\\SoftwareEngineering\\Project_Delivery3\\ezelectronics\\code\\server\\src\\controllers\\reviewController.ts","statementMap":{"0":{"start":{"line":1,"column":0},"end":{"line":1,"column":43}},"1":{"start":{"line":3,"column":0},"end":{"line":3,"column":41}},"2":{"start":{"line":4,"column":0},"end":{"line":4,"column":59}},"3":{"start":{"line":5,"column":0},"end":{"line":5,"column":79}},"4":{"start":{"line":13,"column":8},"end":{"line":13,"column":null}},"5":{"start":{"line":14,"column":8},"end":{"line":14,"column":null}},"6":{"start":{"line":26,"column":29},"end":{"line":26,"column":75}},"7":{"start":{"line":27,"column":8},"end":{"line":29,"column":null}},"8":{"start":{"line":28,"column":12},"end":{"line":28,"column":45}},"9":{"start":{"line":32,"column":31},"end":{"line":32,"column":70}},"10":{"start":{"line":33,"column":8},"end":{"line":35,"column":null}},"11":{"start":{"line":33,"column":42},"end":{"line":33,"column":71}},"12":{"start":{"line":34,"column":12},"end":{"line":34,"column":44}},"13":{"start":{"line":36,"column":8},"end":{"line":36,"column":78}},"14":{"start":{"line":45,"column":8},"end":{"line":45,"column":null}},"15":{"start":{"line":55,"column":29},"end":{"line":55,"column":75}},"16":{"start":{"line":56,"column":8},"end":{"line":58,"column":null}},"17":{"start":{"line":57,"column":12},"end":{"line":57,"column":45}},"18":{"start":{"line":60,"column":31},"end":{"line":60,"column":70}},"19":{"start":{"line":61,"column":8},"end":{"line":63,"column":null}},"20":{"start":{"line":61,"column":42},"end":{"line":61,"column":71}},"21":{"start":{"line":62,"column":12},"end":{"line":62,"column":45}},"22":{"start":{"line":65,"column":8},"end":{"line":65,"column":null}},"23":{"start":{"line":74,"column":29},"end":{"line":74,"column":75}},"24":{"start":{"line":75,"column":8},"end":{"line":77,"column":null}},"25":{"start":{"line":76,"column":12},"end":{"line":76,"column":45}},"26":{"start":{"line":79,"column":8},"end":{"line":79,"column":null}},"27":{"start":{"line":87,"column":8},"end":{"line":87,"column":null}},"28":{"start":{"line":91,"column":0},"end":{"line":91,"column":32}}},"fnMap":{"0":{"name":"(anonymous_8)","decl":{"start":{"line":12,"column":4},"end":{"line":12,"column":null}},"loc":{"start":{"line":12,"column":4},"end":{"line":15,"column":5}}},"1":{"name":"(anonymous_9)","decl":{"start":{"line":25,"column":10},"end":{"line":25,"column":19}},"loc":{"start":{"line":25,"column":77},"end":{"line":37,"column":null}}},"2":{"name":"(anonymous_11)","decl":{"start":{"line":33,"column":32},"end":{"line":33,"column":38}},"loc":{"start":{"line":33,"column":42},"end":{"line":33,"column":71}}},"3":{"name":"(anonymous_12)","decl":{"start":{"line":44,"column":10},"end":{"line":44,"column":27}},"loc":{"start":{"line":44,"column":41},"end":{"line":46,"column":null}}},"4":{"name":"(anonymous_14)","decl":{"start":{"line":54,"column":10},"end":{"line":54,"column":22}},"loc":{"start":{"line":54,"column":48},"end":{"line":66,"column":null}}},"5":{"name":"(anonymous_16)","decl":{"start":{"line":61,"column":32},"end":{"line":61,"column":38}},"loc":{"start":{"line":61,"column":42},"end":{"line":61,"column":71}}},"6":{"name":"(anonymous_17)","decl":{"start":{"line":73,"column":10},"end":{"line":73,"column":32}},"loc":{"start":{"line":73,"column":46},"end":{"line":80,"column":null}}},"7":{"name":"(anonymous_19)","decl":{"start":{"line":86,"column":10},"end":{"line":86,"column":26}},"loc":{"start":{"line":86,"column":26},"end":{"line":88,"column":null}}}},"branchMap":{"0":{"loc":{"start":{"line":27,"column":8},"end":{"line":29,"column":null}},"type":"if","locations":[{"start":{"line":27,"column":8},"end":{"line":29,"column":null}}]},"1":{"loc":{"start":{"line":33,"column":8},"end":{"line":35,"column":null}},"type":"if","locations":[{"start":{"line":33,"column":8},"end":{"line":35,"column":null}}]},"2":{"loc":{"start":{"line":56,"column":8},"end":{"line":58,"column":null}},"type":"if","locations":[{"start":{"line":56,"column":8},"end":{"line":58,"column":null}}]},"3":{"loc":{"start":{"line":61,"column":8},"end":{"line":63,"column":null}},"type":"if","locations":[{"start":{"line":61,"column":8},"end":{"line":63,"column":null}}]},"4":{"loc":{"start":{"line":75,"column":8},"end":{"line":77,"column":null}},"type":"if","locations":[{"start":{"line":75,"column":8},"end":{"line":77,"column":null}}]}},"s":{"0":1,"1":1,"2":1,"3":1,"4":1,"5":1,"6":0,"7":0,"8":0,"9":0,"10":0,"11":0,"12":0,"13":0,"14":0,"15":0,"16":0,"17":0,"18":0,"19":0,"20":0,"21":0,"22":0,"23":0,"24":0,"25":0,"26":0,"27":0,"28":1},"f":{"0":1,"1":0,"2":0,"3":0,"4":0,"5":0,"6":0,"7":0},"b":{"0":[0],"1":[0],"2":[0],"3":[0],"4":[0]}}
,"D:\\PolitoUni\\Courses\\Semster2\\SoftwareEngineering\\Project_Delivery3\\ezelectronics\\code\\server\\src\\controllers\\userController.ts": {"path":"D:\\PolitoUni\\Courses\\Semster2\\SoftwareEngineering\\Project_Delivery3\\ezelectronics\\code\\server\\src\\controllers\\userController.ts","statementMap":{"0":{"start":{"line":1,"column":0},"end":{"line":1,"column":59}},"1":{"start":{"line":3,"column":0},"end":{"line":3,"column":36}},"2":{"start":{"line":13,"column":8},"end":{"line":13,"column":null}},"3":{"start":{"line":26,"column":8},"end":{"line":26,"column":null}},"4":{"start":{"line":34,"column":8},"end":{"line":34,"column":39}},"5":{"start":{"line":43,"column":8},"end":{"line":43,"column":51}},"6":{"start":{"line":55,"column":30},"end":{"line":55,"column":72}},"7":{"start":{"line":56,"column":8},"end":{"line":58,"column":null}},"8":{"start":{"line":57,"column":12},"end":{"line":57,"column":33}},"9":{"start":{"line":59,"column":8},"end":{"line":59,"column":42}},"10":{"start":{"line":71,"column":27},"end":{"line":71,"column":69}},"11":{"start":{"line":72,"column":8},"end":{"line":76,"column":null}},"12":{"start":{"line":73,"column":12},"end":{"line":73,"column":49}},"13":{"start":{"line":74,"column":15},"end":{"line":76,"column":null}},"14":{"start":{"line":75,"column":12},"end":{"line":75,"column":49}},"15":{"start":{"line":77,"column":8},"end":{"line":77,"column":42}},"16":{"start":{"line":85,"column":8},"end":{"line":85,"column":41}},"17":{"start":{"line":99,"column":8},"end":{"line":101,"column":null}},"18":{"start":{"line":100,"column":12},"end":{"line":100,"column":46}},"19":{"start":{"line":102,"column":8},"end":{"line":102,"column":79}},"20":{"start":{"line":103,"column":8},"end":{"line":103,"column":52}},"21":{"start":{"line":107,"column":0},"end":{"line":107,"column":null}}},"fnMap":{"0":{"name":"(anonymous_8)","decl":{"start":{"line":12,"column":4},"end":{"line":12,"column":null}},"loc":{"start":{"line":12,"column":4},"end":{"line":14,"column":5}}},"1":{"name":"(anonymous_9)","decl":{"start":{"line":25,"column":10},"end":{"line":25,"column":20}},"loc":{"start":{"line":25,"column":100},"end":{"line":27,"column":null}}},"2":{"name":"(anonymous_11)","decl":{"start":{"line":33,"column":10},"end":{"line":33,"column":18}},"loc":{"start":{"line":33,"column":18},"end":{"line":35,"column":null}}},"3":{"name":"(anonymous_13)","decl":{"start":{"line":42,"column":10},"end":{"line":42,"column":24}},"loc":{"start":{"line":42,"column":37},"end":{"line":44,"column":null}}},"4":{"name":"(anonymous_15)","decl":{"start":{"line":54,"column":10},"end":{"line":54,"column":27}},"loc":{"start":{"line":54,"column":56},"end":{"line":60,"column":null}}},"5":{"name":"(anonymous_17)","decl":{"start":{"line":70,"column":10},"end":{"line":70,"column":20}},"loc":{"start":{"line":70,"column":49},"end":{"line":78,"column":null}}},"6":{"name":"(anonymous_19)","decl":{"start":{"line":84,"column":10},"end":{"line":84,"column":19}},"loc":{"start":{"line":84,"column":19},"end":{"line":86,"column":null}}},"7":{"name":"(anonymous_21)","decl":{"start":{"line":98,"column":10},"end":{"line":98,"column":24}},"loc":{"start":{"line":98,"column":120},"end":{"line":104,"column":null}}}},"branchMap":{"0":{"loc":{"start":{"line":56,"column":8},"end":{"line":58,"column":null}},"type":"if","locations":[{"start":{"line":56,"column":8},"end":{"line":58,"column":null}}]},"1":{"loc":{"start":{"line":56,"column":12},"end":{"line":56,"column":63}},"type":"binary-expr","locations":[{"start":{"line":56,"column":12},"end":{"line":56,"column":33}},{"start":{"line":56,"column":37},"end":{"line":56,"column":63}}]},"2":{"loc":{"start":{"line":72,"column":8},"end":{"line":76,"column":null}},"type":"if","locations":[{"start":{"line":72,"column":8},"end":{"line":76,"column":null}},{"start":{"line":74,"column":15},"end":{"line":76,"column":null}}]},"3":{"loc":{"start":{"line":72,"column":12},"end":{"line":72,"column":64}},"type":"binary-expr","locations":[{"start":{"line":72,"column":12},"end":{"line":72,"column":33}},{"start":{"line":72,"column":37},"end":{"line":72,"column":64}}]},"4":{"loc":{"start":{"line":74,"column":15},"end":{"line":76,"column":null}},"type":"if","locations":[{"start":{"line":74,"column":15},"end":{"line":76,"column":null}}]},"5":{"loc":{"start":{"line":99,"column":8},"end":{"line":101,"column":null}},"type":"if","locations":[{"start":{"line":99,"column":8},"end":{"line":101,"column":null}}]}},"s":{"0":1,"1":1,"2":1,"3":3,"4":0,"5":0,"6":0,"7":0,"8":0,"9":0,"10":0,"11":0,"12":0,"13":0,"14":0,"15":0,"16":0,"17":0,"18":0,"19":0,"20":0,"21":1},"f":{"0":1,"1":3,"2":0,"3":0,"4":0,"5":0,"6":0,"7":0},"b":{"0":[0],"1":[0,0],"2":[0,0],"3":[0,0],"4":[0],"5":[0]}}
,"D:\\PolitoUni\\Courses\\Semster2\\SoftwareEngineering\\Project_Delivery3\\ezelectronics\\code\\server\\src\\dao\\cartDAO.ts": {"path":"D:\\PolitoUni\\Courses\\Semster2\\SoftwareEngineering\\Project_Delivery3\\ezelectronics\\code\\server\\src\\dao\\cartDAO.ts","statementMap":{"0":{"start":{"line":1,"column":0},"end":{"line":1,"column":26}},"1":{"start":{"line":2,"column":0},"end":{"line":2,"column":57}},"2":{"start":{"line":3,"column":0},"end":{"line":3,"column":null}},"3":{"start":{"line":10,"column":0},"end":{"line":10,"column":62}},"4":{"start":{"line":22,"column":8},"end":{"line":31,"column":11}},"5":{"start":{"line":23,"column":24},"end":{"line":23,"column":95}},"6":{"start":{"line":24,"column":12},"end":{"line":30,"column":15}},"7":{"start":{"line":25,"column":16},"end":{"line":29,"column":null}},"8":{"start":{"line":26,"column":20},"end":{"line":26,"column":32}},"9":{"start":{"line":28,"column":20},"end":{"line":28,"column":34}},"10":{"start":{"line":40,"column":8},"end":{"line":72,"column":11}},"11":{"start":{"line":41,"column":24},"end":{"line":47,"column":49}},"12":{"start":{"line":49,"column":12},"end":{"line":71,"column":15}},"13":{"start":{"line":50,"column":16},"end":{"line":53,"column":null}},"14":{"start":{"line":51,"column":20},"end":{"line":51,"column":32}},"15":{"start":{"line":52,"column":20},"end":{"line":52,"column":27}},"16":{"start":{"line":55,"column":16},"end":{"line":58,"column":null}},"17":{"start":{"line":56,"column":20},"end":{"line":56,"column":52}},"18":{"start":{"line":57,"column":20},"end":{"line":57,"column":27}},"19":{"start":{"line":60,"column":33},"end":{"line":60,"column":40}},"20":{"start":{"line":61,"column":29},"end":{"line":61,"column":110}},"21":{"start":{"line":63,"column":16},"end":{"line":68,"column":19}},"22":{"start":{"line":64,"column":20},"end":{"line":67,"column":null}},"23":{"start":{"line":65,"column":46},"end":{"line":65,"column":121}},"24":{"start":{"line":66,"column":24},"end":{"line":66,"column":58}},"25":{"start":{"line":70,"column":16},"end":{"line":70,"column":30}},"26":{"start":{"line":81,"column":8},"end":{"line":96,"column":11}},"27":{"start":{"line":82,"column":24},"end":{"line":82,"column":64}},"28":{"start":{"line":83,"column":12},"end":{"line":95,"column":15}},"29":{"start":{"line":84,"column":16},"end":{"line":87,"column":null}},"30":{"start":{"line":85,"column":20},"end":{"line":85,"column":32}},"31":{"start":{"line":86,"column":20},"end":{"line":86,"column":27}},"32":{"start":{"line":88,"column":16},"end":{"line":94,"column":null}},"33":{"start":{"line":89,"column":20},"end":{"line":89,"column":32}},"34":{"start":{"line":90,"column":23},"end":{"line":94,"column":null}},"35":{"start":{"line":91,"column":20},"end":{"line":91,"column":31}},"36":{"start":{"line":93,"column":20},"end":{"line":93,"column":31}},"37":{"start":{"line":106,"column":8},"end":{"line":181,"column":11}},"38":{"start":{"line":106,"column":62},"end":{"line":181,"column":10}},"39":{"start":{"line":107,"column":12},"end":{"line":180,"column":null}},"40":{"start":{"line":109,"column":16},"end":{"line":114,"column":null}},"41":{"start":{"line":110,"column":33},"end":{"line":110,"column":57}},"42":{"start":{"line":113,"column":20},"end":{"line":113,"column":64}},"43":{"start":{"line":117,"column":35},"end":{"line":117,"column":94}},"44":{"start":{"line":118,"column":16},"end":{"line":177,"column":19}},"45":{"start":{"line":119,"column":20},"end":{"line":122,"column":null}},"46":{"start":{"line":120,"column":24},"end":{"line":120,"column":36}},"47":{"start":{"line":121,"column":24},"end":{"line":121,"column":31}},"48":{"start":{"line":124,"column":20},"end":{"line":127,"column":null}},"49":{"start":{"line":125,"column":24},"end":{"line":125,"column":59}},"50":{"start":{"line":126,"column":24},"end":{"line":126,"column":31}},"51":{"start":{"line":129,"column":53},"end":{"line":129,"column":63}},"52":{"start":{"line":132,"column":44},"end":{"line":132,"column":155}},"53":{"start":{"line":133,"column":20},"end":{"line":176,"column":23}},"54":{"start":{"line":134,"column":24},"end":{"line":137,"column":null}},"55":{"start":{"line":135,"column":28},"end":{"line":135,"column":40}},"56":{"start":{"line":136,"column":28},"end":{"line":136,"column":35}},"57":{"start":{"line":139,"column":24},"end":{"line":175,"column":null}},"58":{"start":{"line":141,"column":54},"end":{"line":141,"column":185}},"59":{"start":{"line":142,"column":28},"end":{"line":156,"column":31}},"60":{"start":{"line":143,"column":32},"end":{"line":146,"column":null}},"61":{"start":{"line":144,"column":36},"end":{"line":144,"column":48}},"62":{"start":{"line":145,"column":36},"end":{"line":145,"column":43}},"63":{"start":{"line":148,"column":55},"end":{"line":148,"column":154}},"64":{"start":{"line":149,"column":32},"end":{"line":155,"column":35}},"65":{"start":{"line":150,"column":36},"end":{"line":154,"column":null}},"66":{"start":{"line":151,"column":40},"end":{"line":151,"column":52}},"67":{"start":{"line":153,"column":40},"end":{"line":153,"column":54}},"68":{"start":{"line":159,"column":50},"end":{"line":159,"column":168}},"69":{"start":{"line":160,"column":28},"end":{"line":174,"column":31}},"70":{"start":{"line":161,"column":32},"end":{"line":164,"column":null}},"71":{"start":{"line":162,"column":36},"end":{"line":162,"column":48}},"72":{"start":{"line":163,"column":36},"end":{"line":163,"column":43}},"73":{"start":{"line":166,"column":55},"end":{"line":166,"column":153}},"74":{"start":{"line":167,"column":32},"end":{"line":173,"column":35}},"75":{"start":{"line":168,"column":36},"end":{"line":172,"column":null}},"76":{"start":{"line":169,"column":40},"end":{"line":169,"column":52}},"77":{"start":{"line":171,"column":40},"end":{"line":171,"column":54}},"78":{"start":{"line":179,"column":16},"end":{"line":179,"column":30}},"79":{"start":{"line":190,"column":8},"end":{"line":209,"column":11}},"80":{"start":{"line":190,"column":62},"end":{"line":209,"column":10}},"81":{"start":{"line":192,"column":30},"end":{"line":192,"column":54}},"82":{"start":{"line":193,"column":16},"end":{"line":196,"column":null}},"83":{"start":{"line":194,"column":20},"end":{"line":194,"column":52}},"84":{"start":{"line":195,"column":20},"end":{"line":195,"column":27}},"85":{"start":{"line":197,"column":36},"end":{"line":197,"column":60}},"86":{"start":{"line":200,"column":36},"end":{"line":200,"column":109}},"87":{"start":{"line":201,"column":16},"end":{"line":207,"column":19}},"88":{"start":{"line":202,"column":20},"end":{"line":206,"column":null}},"89":{"start":{"line":203,"column":24},"end":{"line":203,"column":36}},"90":{"start":{"line":205,"column":24},"end":{"line":205,"column":38}},"91":{"start":{"line":218,"column":8},"end":{"line":233,"column":11}},"92":{"start":{"line":219,"column":24},"end":{"line":224,"column":14}},"93":{"start":{"line":225,"column":12},"end":{"line":232,"column":15}},"94":{"start":{"line":226,"column":16},"end":{"line":229,"column":null}},"95":{"start":{"line":227,"column":20},"end":{"line":227,"column":32}},"96":{"start":{"line":228,"column":20},"end":{"line":228,"column":27}},"97":{"start":{"line":230,"column":33},"end":{"line":230,"column":125}},"98":{"start":{"line":230,"column":49},"end":{"line":230,"column":124}},"99":{"start":{"line":231,"column":16},"end":{"line":231,"column":34}},"100":{"start":{"line":242,"column":8},"end":{"line":255,"column":11}},"101":{"start":{"line":243,"column":24},"end":{"line":243,"column":120}},"102":{"start":{"line":244,"column":12},"end":{"line":254,"column":15}},"103":{"start":{"line":245,"column":16},"end":{"line":248,"column":null}},"104":{"start":{"line":246,"column":20},"end":{"line":246,"column":32}},"105":{"start":{"line":247,"column":20},"end":{"line":247,"column":27}},"106":{"start":{"line":249,"column":16},"end":{"line":253,"column":null}},"107":{"start":{"line":250,"column":20},"end":{"line":250,"column":34}},"108":{"start":{"line":252,"column":20},"end":{"line":252,"column":35}},"109":{"start":{"line":264,"column":8},"end":{"line":283,"column":11}},"110":{"start":{"line":265,"column":24},"end":{"line":271,"column":19}},"111":{"start":{"line":272,"column":12},"end":{"line":282,"column":15}},"112":{"start":{"line":273,"column":16},"end":{"line":276,"column":null}},"113":{"start":{"line":274,"column":20},"end":{"line":274,"column":32}},"114":{"start":{"line":275,"column":20},"end":{"line":275,"column":27}},"115":{"start":{"line":277,"column":16},"end":{"line":281,"column":null}},"116":{"start":{"line":278,"column":20},"end":{"line":278,"column":34}},"117":{"start":{"line":280,"column":20},"end":{"line":280,"column":35}},"118":{"start":{"line":292,"column":8},"end":{"line":315,"column":11}},"119":{"start":{"line":293,"column":24},"end":{"line":303,"column":19}},"120":{"start":{"line":304,"column":12},"end":{"line":314,"column":15}},"121":{"start":{"line":305,"column":16},"end":{"line":308,"column":null}},"122":{"start":{"line":306,"column":20},"end":{"line":306,"column":32}},"123":{"start":{"line":307,"column":20},"end":{"line":307,"column":27}},"124":{"start":{"line":309,"column":16},"end":{"line":313,"column":null}},"125":{"start":{"line":310,"column":20},"end":{"line":310,"column":34}},"126":{"start":{"line":312,"column":20},"end":{"line":312,"column":35}},"127":{"start":{"line":325,"column":8},"end":{"line":361,"column":11}},"128":{"start":{"line":326,"column":24},"end":{"line":333,"column":14}},"129":{"start":{"line":334,"column":12},"end":{"line":360,"column":15}},"130":{"start":{"line":335,"column":16},"end":{"line":338,"column":null}},"131":{"start":{"line":336,"column":20},"end":{"line":336,"column":32}},"132":{"start":{"line":337,"column":20},"end":{"line":337,"column":27}},"133":{"start":{"line":340,"column":16},"end":{"line":343,"column":null}},"134":{"start":{"line":341,"column":20},"end":{"line":341,"column":52}},"135":{"start":{"line":342,"column":20},"end":{"line":342,"column":27}},"136":{"start":{"line":345,"column":58},"end":{"line":345,"column":60}},"137":{"start":{"line":347,"column":16},"end":{"line":356,"column":19}},"138":{"start":{"line":348,"column":20},"end":{"line":350,"column":null}},"139":{"start":{"line":349,"column":24},"end":{"line":349,"column":110}},"140":{"start":{"line":352,"column":20},"end":{"line":355,"column":null}},"141":{"start":{"line":353,"column":46},"end":{"line":353,"column":121}},"142":{"start":{"line":354,"column":24},"end":{"line":354,"column":75}},"143":{"start":{"line":358,"column":30},"end":{"line":358,"column":53}},"144":{"start":{"line":359,"column":16},"end":{"line":359,"column":31}},"145":{"start":{"line":371,"column":8},"end":{"line":444,"column":11}},"146":{"start":{"line":372,"column":50},"end":{"line":377,"column":66}},"147":{"start":{"line":379,"column":12},"end":{"line":443,"column":15}},"148":{"start":{"line":380,"column":16},"end":{"line":383,"column":null}},"149":{"start":{"line":381,"column":20},"end":{"line":381,"column":32}},"150":{"start":{"line":382,"column":20},"end":{"line":382,"column":27}},"151":{"start":{"line":385,"column":16},"end":{"line":388,"column":null}},"152":{"start":{"line":386,"column":20},"end":{"line":386,"column":56}},"153":{"start":{"line":387,"column":20},"end":{"line":387,"column":27}},"154":{"start":{"line":390,"column":61},"end":{"line":390,"column":64}},"155":{"start":{"line":391,"column":41},"end":{"line":391,"column":54}},"156":{"start":{"line":393,"column":16},"end":{"line":442,"column":null}},"157":{"start":{"line":394,"column":46},"end":{"line":397,"column":57}},"158":{"start":{"line":399,"column":20},"end":{"line":417,"column":23}},"159":{"start":{"line":400,"column":24},"end":{"line":403,"column":null}},"160":{"start":{"line":401,"column":28},"end":{"line":401,"column":40}},"161":{"start":{"line":402,"column":28},"end":{"line":402,"column":35}},"162":{"start":{"line":405,"column":47},"end":{"line":408,"column":42}},"163":{"start":{"line":410,"column":24},"end":{"line":416,"column":27}},"164":{"start":{"line":411,"column":28},"end":{"line":415,"column":null}},"165":{"start":{"line":412,"column":32},"end":{"line":412,"column":44}},"166":{"start":{"line":414,"column":32},"end":{"line":414,"column":46}},"167":{"start":{"line":419,"column":45},"end":{"line":421,"column":57}},"168":{"start":{"line":423,"column":20},"end":{"line":441,"column":23}},"169":{"start":{"line":424,"column":24},"end":{"line":427,"column":null}},"170":{"start":{"line":425,"column":28},"end":{"line":425,"column":40}},"171":{"start":{"line":426,"column":28},"end":{"line":426,"column":35}},"172":{"start":{"line":429,"column":47},"end":{"line":432,"column":42}},"173":{"start":{"line":434,"column":24},"end":{"line":440,"column":27}},"174":{"start":{"line":435,"column":28},"end":{"line":439,"column":null}},"175":{"start":{"line":436,"column":32},"end":{"line":436,"column":44}},"176":{"start":{"line":438,"column":32},"end":{"line":438,"column":46}},"177":{"start":{"line":453,"column":8},"end":{"line":467,"column":11}},"178":{"start":{"line":454,"column":24},"end":{"line":458,"column":19}},"179":{"start":{"line":460,"column":12},"end":{"line":466,"column":15}},"180":{"start":{"line":461,"column":16},"end":{"line":465,"column":null}},"181":{"start":{"line":462,"column":20},"end":{"line":462,"column":32}},"182":{"start":{"line":464,"column":20},"end":{"line":464,"column":34}},"183":{"start":{"line":475,"column":8},"end":{"line":484,"column":11}},"184":{"start":{"line":476,"column":24},"end":{"line":476,"column":43}},"185":{"start":{"line":477,"column":12},"end":{"line":483,"column":15}},"186":{"start":{"line":478,"column":16},"end":{"line":482,"column":null}},"187":{"start":{"line":479,"column":20},"end":{"line":479,"column":32}},"188":{"start":{"line":481,"column":20},"end":{"line":481,"column":34}},"189":{"start":{"line":492,"column":8},"end":{"line":523,"column":11}},"190":{"start":{"line":493,"column":24},"end":{"line":499,"column":14}},"191":{"start":{"line":501,"column":12},"end":{"line":522,"column":15}},"192":{"start":{"line":502,"column":16},"end":{"line":505,"column":null}},"193":{"start":{"line":503,"column":20},"end":{"line":503,"column":32}},"194":{"start":{"line":504,"column":20},"end":{"line":504,"column":27}},"195":{"start":{"line":507,"column":58},"end":{"line":507,"column":60}},"196":{"start":{"line":509,"column":16},"end":{"line":518,"column":19}},"197":{"start":{"line":510,"column":20},"end":{"line":512,"column":null}},"198":{"start":{"line":511,"column":24},"end":{"line":511,"column":110}},"199":{"start":{"line":514,"column":20},"end":{"line":517,"column":null}},"200":{"start":{"line":515,"column":46},"end":{"line":515,"column":115}},"201":{"start":{"line":516,"column":24},"end":{"line":516,"column":75}},"202":{"start":{"line":520,"column":30},"end":{"line":520,"column":53}},"203":{"start":{"line":521,"column":16},"end":{"line":521,"column":31}},"204":{"start":{"line":540,"column":0},"end":{"line":540,"column":23}}},"fnMap":{"0":{"name":"(anonymous_8)","decl":{"start":{"line":21,"column":4},"end":{"line":21,"column":14}},"loc":{"start":{"line":21,"column":85},"end":{"line":32,"column":5}}},"1":{"name":"(anonymous_9)","decl":{"start":{"line":22,"column":36},"end":{"line":22,"column":37}},"loc":{"start":{"line":22,"column":56},"end":{"line":31,"column":9}}},"2":{"name":"(anonymous_10)","decl":{"start":{"line":24,"column":58},"end":{"line":24,"column":59}},"loc":{"start":{"line":24,"column":80},"end":{"line":30,"column":13}}},"3":{"name":"(anonymous_11)","decl":{"start":{"line":39,"column":4},"end":{"line":39,"column":11}},"loc":{"start":{"line":39,"column":24},"end":{"line":73,"column":5}}},"4":{"name":"(anonymous_12)","decl":{"start":{"line":40,"column":33},"end":{"line":40,"column":34}},"loc":{"start":{"line":40,"column":53},"end":{"line":72,"column":9}}},"5":{"name":"(anonymous_13)","decl":{"start":{"line":49,"column":32},"end":{"line":49,"column":33}},"loc":{"start":{"line":49,"column":67},"end":{"line":71,"column":13}}},"6":{"name":"(anonymous_14)","decl":{"start":{"line":63,"column":29},"end":{"line":63,"column":32}},"loc":{"start":{"line":63,"column":35},"end":{"line":68,"column":17}}},"7":{"name":"(anonymous_15)","decl":{"start":{"line":80,"column":4},"end":{"line":80,"column":16}},"loc":{"start":{"line":80,"column":32},"end":{"line":97,"column":5}}},"8":{"name":"(anonymous_16)","decl":{"start":{"line":81,"column":35},"end":{"line":81,"column":36}},"loc":{"start":{"line":81,"column":55},"end":{"line":96,"column":9}}},"9":{"name":"(anonymous_17)","decl":{"start":{"line":83,"column":35},"end":{"line":83,"column":36}},"loc":{"start":{"line":83,"column":67},"end":{"line":95,"column":13}}},"10":{"name":"(anonymous_18)","decl":{"start":{"line":105,"column":4},"end":{"line":105,"column":13}},"loc":{"start":{"line":105,"column":43},"end":{"line":182,"column":5}}},"11":{"name":"(anonymous_19)","decl":{"start":{"line":106,"column":36},"end":{"line":106,"column":43}},"loc":{"start":{"line":106,"column":62},"end":{"line":181,"column":10}}},"12":{"name":"(anonymous_20)","decl":{"start":{"line":106,"column":62},"end":{"line":106,"column":null}},"loc":{"start":{"line":106,"column":62},"end":{"line":181,"column":9}}},"13":{"name":"(anonymous_21)","decl":{"start":{"line":118,"column":46},"end":{"line":118,"column":47}},"loc":{"start":{"line":118,"column":85},"end":{"line":177,"column":17}}},"14":{"name":"(anonymous_22)","decl":{"start":{"line":133,"column":59},"end":{"line":133,"column":60}},"loc":{"start":{"line":133,"column":91},"end":{"line":176,"column":21}}},"15":{"name":"(anonymous_23)","decl":{"start":{"line":142,"column":69},"end":{"line":142,"column":70}},"loc":{"start":{"line":142,"column":91},"end":{"line":156,"column":29}}},"16":{"name":"(anonymous_24)","decl":{"start":{"line":149,"column":78},"end":{"line":149,"column":79}},"loc":{"start":{"line":149,"column":100},"end":{"line":155,"column":33}}},"17":{"name":"(anonymous_25)","decl":{"start":{"line":160,"column":65},"end":{"line":160,"column":66}},"loc":{"start":{"line":160,"column":87},"end":{"line":174,"column":29}}},"18":{"name":"(anonymous_26)","decl":{"start":{"line":167,"column":78},"end":{"line":167,"column":79}},"loc":{"start":{"line":167,"column":100},"end":{"line":173,"column":33}}},"19":{"name":"(anonymous_27)","decl":{"start":{"line":189,"column":4},"end":{"line":189,"column":16}},"loc":{"start":{"line":189,"column":29},"end":{"line":210,"column":5}}},"20":{"name":"(anonymous_28)","decl":{"start":{"line":190,"column":36},"end":{"line":190,"column":43}},"loc":{"start":{"line":190,"column":62},"end":{"line":209,"column":10}}},"21":{"name":"(anonymous_29)","decl":{"start":{"line":190,"column":62},"end":{"line":190,"column":null}},"loc":{"start":{"line":190,"column":62},"end":{"line":209,"column":9}}},"22":{"name":"(anonymous_30)","decl":{"start":{"line":201,"column":57},"end":{"line":201,"column":58}},"loc":{"start":{"line":201,"column":79},"end":{"line":207,"column":17}}},"23":{"name":"(anonymous_31)","decl":{"start":{"line":217,"column":4},"end":{"line":217,"column":21}},"loc":{"start":{"line":217,"column":34},"end":{"line":234,"column":5}}},"24":{"name":"(anonymous_32)","decl":{"start":{"line":218,"column":44},"end":{"line":218,"column":45}},"loc":{"start":{"line":218,"column":64},"end":{"line":233,"column":9}}},"25":{"name":"(anonymous_33)","decl":{"start":{"line":225,"column":32},"end":{"line":225,"column":33}},"loc":{"start":{"line":225,"column":67},"end":{"line":232,"column":13}}},"26":{"name":"(anonymous_34)","decl":{"start":{"line":230,"column":42},"end":{"line":230,"column":45}},"loc":{"start":{"line":230,"column":49},"end":{"line":230,"column":124}}},"27":{"name":"(anonymous_35)","decl":{"start":{"line":241,"column":4},"end":{"line":241,"column":15}},"loc":{"start":{"line":241,"column":28},"end":{"line":256,"column":5}}},"28":{"name":"(anonymous_36)","decl":{"start":{"line":242,"column":36},"end":{"line":242,"column":37}},"loc":{"start":{"line":242,"column":56},"end":{"line":255,"column":9}}},"29":{"name":"(anonymous_37)","decl":{"start":{"line":244,"column":32},"end":{"line":244,"column":33}},"loc":{"start":{"line":244,"column":67},"end":{"line":254,"column":13}}},"30":{"name":"(anonymous_38)","decl":{"start":{"line":263,"column":4},"end":{"line":263,"column":16}},"loc":{"start":{"line":263,"column":29},"end":{"line":284,"column":5}}},"31":{"name":"(anonymous_39)","decl":{"start":{"line":264,"column":36},"end":{"line":264,"column":37}},"loc":{"start":{"line":264,"column":56},"end":{"line":283,"column":9}}},"32":{"name":"(anonymous_40)","decl":{"start":{"line":272,"column":32},"end":{"line":272,"column":33}},"loc":{"start":{"line":272,"column":67},"end":{"line":282,"column":13}}},"33":{"name":"(anonymous_41)","decl":{"start":{"line":291,"column":4},"end":{"line":291,"column":29}},"loc":{"start":{"line":291,"column":42},"end":{"line":316,"column":5}}},"34":{"name":"(anonymous_42)","decl":{"start":{"line":292,"column":36},"end":{"line":292,"column":37}},"loc":{"start":{"line":292,"column":56},"end":{"line":315,"column":9}}},"35":{"name":"(anonymous_43)","decl":{"start":{"line":304,"column":38},"end":{"line":304,"column":39}},"loc":{"start":{"line":304,"column":73},"end":{"line":314,"column":13}}},"36":{"name":"(anonymous_44)","decl":{"start":{"line":324,"column":4},"end":{"line":324,"column":20}},"loc":{"start":{"line":324,"column":33},"end":{"line":362,"column":5}}},"37":{"name":"(anonymous_45)","decl":{"start":{"line":325,"column":35},"end":{"line":325,"column":36}},"loc":{"start":{"line":325,"column":55},"end":{"line":361,"column":9}}},"38":{"name":"(anonymous_46)","decl":{"start":{"line":334,"column":32},"end":{"line":334,"column":33}},"loc":{"start":{"line":334,"column":67},"end":{"line":360,"column":13}}},"39":{"name":"(anonymous_47)","decl":{"start":{"line":347,"column":29},"end":{"line":347,"column":32}},"loc":{"start":{"line":347,"column":35},"end":{"line":356,"column":17}}},"40":{"name":"(anonymous_48)","decl":{"start":{"line":370,"column":4},"end":{"line":370,"column":25}},"loc":{"start":{"line":370,"column":55},"end":{"line":445,"column":5}}},"41":{"name":"(anonymous_49)","decl":{"start":{"line":371,"column":36},"end":{"line":371,"column":37}},"loc":{"start":{"line":371,"column":56},"end":{"line":444,"column":9}}},"42":{"name":"(anonymous_50)","decl":{"start":{"line":379,"column":67},"end":{"line":379,"column":68}},"loc":{"start":{"line":379,"column":99},"end":{"line":443,"column":13}}},"43":{"name":"(anonymous_51)","decl":{"start":{"line":399,"column":66},"end":{"line":399,"column":76}},"loc":{"start":{"line":399,"column":93},"end":{"line":417,"column":21}}},"44":{"name":"(anonymous_52)","decl":{"start":{"line":410,"column":76},"end":{"line":410,"column":77}},"loc":{"start":{"line":410,"column":98},"end":{"line":416,"column":25}}},"45":{"name":"(anonymous_53)","decl":{"start":{"line":423,"column":65},"end":{"line":423,"column":75}},"loc":{"start":{"line":423,"column":92},"end":{"line":441,"column":21}}},"46":{"name":"(anonymous_54)","decl":{"start":{"line":434,"column":76},"end":{"line":434,"column":77}},"loc":{"start":{"line":434,"column":98},"end":{"line":440,"column":25}}},"47":{"name":"(anonymous_55)","decl":{"start":{"line":452,"column":4},"end":{"line":452,"column":13}},"loc":{"start":{"line":452,"column":26},"end":{"line":468,"column":5}}},"48":{"name":"(anonymous_56)","decl":{"start":{"line":453,"column":36},"end":{"line":453,"column":37}},"loc":{"start":{"line":453,"column":56},"end":{"line":467,"column":9}}},"49":{"name":"(anonymous_57)","decl":{"start":{"line":460,"column":32},"end":{"line":460,"column":33}},"loc":{"start":{"line":460,"column":54},"end":{"line":466,"column":13}}},"50":{"name":"(anonymous_58)","decl":{"start":{"line":474,"column":4},"end":{"line":474,"column":18}},"loc":{"start":{"line":474,"column":18},"end":{"line":485,"column":5}}},"51":{"name":"(anonymous_59)","decl":{"start":{"line":475,"column":36},"end":{"line":475,"column":37}},"loc":{"start":{"line":475,"column":56},"end":{"line":484,"column":9}}},"52":{"name":"(anonymous_60)","decl":{"start":{"line":477,"column":28},"end":{"line":477,"column":29}},"loc":{"start":{"line":477,"column":50},"end":{"line":483,"column":13}}},"53":{"name":"(anonymous_61)","decl":{"start":{"line":491,"column":4},"end":{"line":491,"column":15}},"loc":{"start":{"line":491,"column":15},"end":{"line":524,"column":5}}},"54":{"name":"(anonymous_62)","decl":{"start":{"line":492,"column":35},"end":{"line":492,"column":36}},"loc":{"start":{"line":492,"column":55},"end":{"line":523,"column":9}}},"55":{"name":"(anonymous_63)","decl":{"start":{"line":501,"column":28},"end":{"line":501,"column":29}},"loc":{"start":{"line":501,"column":63},"end":{"line":522,"column":13}}},"56":{"name":"(anonymous_64)","decl":{"start":{"line":509,"column":29},"end":{"line":509,"column":32}},"loc":{"start":{"line":509,"column":35},"end":{"line":518,"column":17}}}},"branchMap":{"0":{"loc":{"start":{"line":25,"column":16},"end":{"line":29,"column":null}},"type":"if","locations":[{"start":{"line":25,"column":16},"end":{"line":29,"column":null}},{"start":{"line":27,"column":23},"end":{"line":29,"column":null}}]},"1":{"loc":{"start":{"line":50,"column":16},"end":{"line":53,"column":null}},"type":"if","locations":[{"start":{"line":50,"column":16},"end":{"line":53,"column":null}}]},"2":{"loc":{"start":{"line":55,"column":16},"end":{"line":58,"column":null}},"type":"if","locations":[{"start":{"line":55,"column":16},"end":{"line":58,"column":null}}]},"3":{"loc":{"start":{"line":64,"column":20},"end":{"line":67,"column":null}},"type":"if","locations":[{"start":{"line":64,"column":20},"end":{"line":67,"column":null}}]},"4":{"loc":{"start":{"line":84,"column":16},"end":{"line":87,"column":null}},"type":"if","locations":[{"start":{"line":84,"column":16},"end":{"line":87,"column":null}}]},"5":{"loc":{"start":{"line":88,"column":16},"end":{"line":94,"column":null}},"type":"if","locations":[{"start":{"line":88,"column":16},"end":{"line":94,"column":null}},{"start":{"line":90,"column":23},"end":{"line":94,"column":null}}]},"6":{"loc":{"start":{"line":90,"column":23},"end":{"line":94,"column":null}},"type":"if","locations":[{"start":{"line":90,"column":23},"end":{"line":94,"column":null}},{"start":{"line":92,"column":23},"end":{"line":94,"column":null}}]},"7":{"loc":{"start":{"line":119,"column":20},"end":{"line":122,"column":null}},"type":"if","locations":[{"start":{"line":119,"column":20},"end":{"line":122,"column":null}}]},"8":{"loc":{"start":{"line":124,"column":20},"end":{"line":127,"column":null}},"type":"if","locations":[{"start":{"line":124,"column":20},"end":{"line":127,"column":null}}]},"9":{"loc":{"start":{"line":134,"column":24},"end":{"line":137,"column":null}},"type":"if","locations":[{"start":{"line":134,"column":24},"end":{"line":137,"column":null}}]},"10":{"loc":{"start":{"line":139,"column":24},"end":{"line":175,"column":null}},"type":"if","locations":[{"start":{"line":139,"column":24},"end":{"line":175,"column":null}},{"start":{"line":157,"column":31},"end":{"line":175,"column":null}}]},"11":{"loc":{"start":{"line":143,"column":32},"end":{"line":146,"column":null}},"type":"if","locations":[{"start":{"line":143,"column":32},"end":{"line":146,"column":null}}]},"12":{"loc":{"start":{"line":150,"column":36},"end":{"line":154,"column":null}},"type":"if","locations":[{"start":{"line":150,"column":36},"end":{"line":154,"column":null}},{"start":{"line":152,"column":43},"end":{"line":154,"column":null}}]},"13":{"loc":{"start":{"line":161,"column":32},"end":{"line":164,"column":null}},"type":"if","locations":[{"start":{"line":161,"column":32},"end":{"line":164,"column":null}}]},"14":{"loc":{"start":{"line":168,"column":36},"end":{"line":172,"column":null}},"type":"if","locations":[{"start":{"line":168,"column":36},"end":{"line":172,"column":null}},{"start":{"line":170,"column":43},"end":{"line":172,"column":null}}]},"15":{"loc":{"start":{"line":193,"column":16},"end":{"line":196,"column":null}},"type":"if","locations":[{"start":{"line":193,"column":16},"end":{"line":196,"column":null}}]},"16":{"loc":{"start":{"line":202,"column":20},"end":{"line":206,"column":null}},"type":"if","locations":[{"start":{"line":202,"column":20},"end":{"line":206,"column":null}},{"start":{"line":204,"column":27},"end":{"line":206,"column":null}}]},"17":{"loc":{"start":{"line":226,"column":16},"end":{"line":229,"column":null}},"type":"if","locations":[{"start":{"line":226,"column":16},"end":{"line":229,"column":null}}]},"18":{"loc":{"start":{"line":245,"column":16},"end":{"line":248,"column":null}},"type":"if","locations":[{"start":{"line":245,"column":16},"end":{"line":248,"column":null}}]},"19":{"loc":{"start":{"line":249,"column":16},"end":{"line":253,"column":null}},"type":"if","locations":[{"start":{"line":249,"column":16},"end":{"line":253,"column":null}},{"start":{"line":251,"column":23},"end":{"line":253,"column":null}}]},"20":{"loc":{"start":{"line":273,"column":16},"end":{"line":276,"column":null}},"type":"if","locations":[{"start":{"line":273,"column":16},"end":{"line":276,"column":null}}]},"21":{"loc":{"start":{"line":277,"column":16},"end":{"line":281,"column":null}},"type":"if","locations":[{"start":{"line":277,"column":16},"end":{"line":281,"column":null}},{"start":{"line":279,"column":23},"end":{"line":281,"column":null}}]},"22":{"loc":{"start":{"line":305,"column":16},"end":{"line":308,"column":null}},"type":"if","locations":[{"start":{"line":305,"column":16},"end":{"line":308,"column":null}}]},"23":{"loc":{"start":{"line":309,"column":16},"end":{"line":313,"column":null}},"type":"if","locations":[{"start":{"line":309,"column":16},"end":{"line":313,"column":null}},{"start":{"line":311,"column":23},"end":{"line":313,"column":null}}]},"24":{"loc":{"start":{"line":335,"column":16},"end":{"line":338,"column":null}},"type":"if","locations":[{"start":{"line":335,"column":16},"end":{"line":338,"column":null}}]},"25":{"loc":{"start":{"line":340,"column":16},"end":{"line":343,"column":null}},"type":"if","locations":[{"start":{"line":340,"column":16},"end":{"line":343,"column":null}}]},"26":{"loc":{"start":{"line":348,"column":20},"end":{"line":350,"column":null}},"type":"if","locations":[{"start":{"line":348,"column":20},"end":{"line":350,"column":null}}]},"27":{"loc":{"start":{"line":352,"column":20},"end":{"line":355,"column":null}},"type":"if","locations":[{"start":{"line":352,"column":20},"end":{"line":355,"column":null}}]},"28":{"loc":{"start":{"line":380,"column":16},"end":{"line":383,"column":null}},"type":"if","locations":[{"start":{"line":380,"column":16},"end":{"line":383,"column":null}}]},"29":{"loc":{"start":{"line":385,"column":16},"end":{"line":388,"column":null}},"type":"if","locations":[{"start":{"line":385,"column":16},"end":{"line":388,"column":null}}]},"30":{"loc":{"start":{"line":393,"column":16},"end":{"line":442,"column":null}},"type":"if","locations":[{"start":{"line":393,"column":16},"end":{"line":442,"column":null}},{"start":{"line":418,"column":23},"end":{"line":442,"column":null}}]},"31":{"loc":{"start":{"line":400,"column":24},"end":{"line":403,"column":null}},"type":"if","locations":[{"start":{"line":400,"column":24},"end":{"line":403,"column":null}}]},"32":{"loc":{"start":{"line":411,"column":28},"end":{"line":415,"column":null}},"type":"if","locations":[{"start":{"line":411,"column":28},"end":{"line":415,"column":null}},{"start":{"line":413,"column":35},"end":{"line":415,"column":null}}]},"33":{"loc":{"start":{"line":424,"column":24},"end":{"line":427,"column":null}},"type":"if","locations":[{"start":{"line":424,"column":24},"end":{"line":427,"column":null}}]},"34":{"loc":{"start":{"line":435,"column":28},"end":{"line":439,"column":null}},"type":"if","locations":[{"start":{"line":435,"column":28},"end":{"line":439,"column":null}},{"start":{"line":437,"column":35},"end":{"line":439,"column":null}}]},"35":{"loc":{"start":{"line":461,"column":16},"end":{"line":465,"column":null}},"type":"if","locations":[{"start":{"line":461,"column":16},"end":{"line":465,"column":null}},{"start":{"line":463,"column":23},"end":{"line":465,"column":null}}]},"36":{"loc":{"start":{"line":478,"column":16},"end":{"line":482,"column":null}},"type":"if","locations":[{"start":{"line":478,"column":16},"end":{"line":482,"column":null}},{"start":{"line":480,"column":23},"end":{"line":482,"column":null}}]},"37":{"loc":{"start":{"line":502,"column":16},"end":{"line":505,"column":null}},"type":"if","locations":[{"start":{"line":502,"column":16},"end":{"line":505,"column":null}}]},"38":{"loc":{"start":{"line":510,"column":20},"end":{"line":512,"column":null}},"type":"if","locations":[{"start":{"line":510,"column":20},"end":{"line":512,"column":null}}]},"39":{"loc":{"start":{"line":514,"column":20},"end":{"line":517,"column":null}},"type":"if","locations":[{"start":{"line":514,"column":20},"end":{"line":517,"column":null}}]}},"s":{"0":1,"1":1,"2":1,"3":1,"4":0,"5":0,"6":0,"7":0,"8":0,"9":0,"10":0,"11":0,"12":0,"13":0,"14":0,"15":0,"16":0,"17":0,"18":0,"19":0,"20":0,"21":0,"22":0,"23":0,"24":0,"25":0,"26":0,"27":0,"28":0,"29":0,"30":0,"31":0,"32":0,"33":0,"34":0,"35":0,"36":0,"37":0,"38":0,"39":0,"40":0,"41":0,"42":0,"43":0,"44":0,"45":0,"46":0,"47":0,"48":0,"49":0,"50":0,"51":0,"52":0,"53":0,"54":0,"55":0,"56":0,"57":0,"58":0,"59":0,"60":0,"61":0,"62":0,"63":0,"64":0,"65":0,"66":0,"67":0,"68":0,"69":0,"70":0,"71":0,"72":0,"73":0,"74":0,"75":0,"76":0,"77":0,"78":0,"79":0,"80":0,"81":0,"82":0,"83":0,"84":0,"85":0,"86":0,"87":0,"88":0,"89":0,"90":0,"91":0,"92":0,"93":0,"94":0,"95":0,"96":0,"97":0,"98":0,"99":0,"100":0,"101":0,"102":0,"103":0,"104":0,"105":0,"106":0,"107":0,"108":0,"109":0,"110":0,"111":0,"112":0,"113":0,"114":0,"115":0,"116":0,"117":0,"118":0,"119":0,"120":0,"121":0,"122":0,"123":0,"124":0,"125":0,"126":0,"127":0,"128":0,"129":0,"130":0,"131":0,"132":0,"133":0,"134":0,"135":0,"136":0,"137":0,"138":0,"139":0,"140":0,"141":0,"142":0,"143":0,"144":0,"145":0,"146":0,"147":0,"148":0,"149":0,"150":0,"151":0,"152":0,"153":0,"154":0,"155":0,"156":0,"157":0,"158":0,"159":0,"160":0,"161":0,"162":0,"163":0,"164":0,"165":0,"166":0,"167":0,"168":0,"169":0,"170":0,"171":0,"172":0,"173":0,"174":0,"175":0,"176":0,"177":0,"178":0,"179":0,"180":0,"181":0,"182":0,"183":0,"184":0,"185":0,"186":0,"187":0,"188":0,"189":0,"190":0,"191":0,"192":0,"193":0,"194":0,"195":0,"196":0,"197":0,"198":0,"199":0,"200":0,"201":0,"202":0,"203":0,"204":1},"f":{"0":0,"1":0,"2":0,"3":0,"4":0,"5":0,"6":0,"7":0,"8":0,"9":0,"10":0,"11":0,"12":0,"13":0,"14":0,"15":0,"16":0,"17":0,"18":0,"19":0,"20":0,"21":0,"22":0,"23":0,"24":0,"25":0,"26":0,"27":0,"28":0,"29":0,"30":0,"31":0,"32":0,"33":0,"34":0,"35":0,"36":0,"37":0,"38":0,"39":0,"40":0,"41":0,"42":0,"43":0,"44":0,"45":0,"46":0,"47":0,"48":0,"49":0,"50":0,"51":0,"52":0,"53":0,"54":0,"55":0,"56":0},"b":{"0":[0,0],"1":[0],"2":[0],"3":[0],"4":[0],"5":[0,0],"6":[0,0],"7":[0],"8":[0],"9":[0],"10":[0,0],"11":[0],"12":[0,0],"13":[0],"14":[0,0],"15":[0],"16":[0,0],"17":[0],"18":[0],"19":[0,0],"20":[0],"21":[0,0],"22":[0],"23":[0,0],"24":[0],"25":[0],"26":[0],"27":[0],"28":[0],"29":[0],"30":[0,0],"31":[0],"32":[0,0],"33":[0],"34":[0,0],"35":[0,0],"36":[0,0],"37":[0],"38":[0],"39":[0]}}
,"D:\\PolitoUni\\Courses\\Semster2\\SoftwareEngineering\\Project_Delivery3\\ezelectronics\\code\\server\\src\\dao\\productDAO.ts": {"path":"D:\\PolitoUni\\Courses\\Semster2\\SoftwareEngineering\\Project_Delivery3\\ezelectronics\\code\\server\\src\\dao\\productDAO.ts","statementMap":{"0":{"start":{"line":1,"column":0},"end":{"line":1,"column":26}},"1":{"start":{"line":2,"column":0},"end":{"line":2,"column":48}},"2":{"start":{"line":3,"column":0},"end":{"line":3,"column":84}},"3":{"start":{"line":16,"column":8},"end":{"line":25,"column":11}},"4":{"start":{"line":17,"column":24},"end":{"line":17,"column":136}},"5":{"start":{"line":18,"column":12},"end":{"line":24,"column":15}},"6":{"start":{"line":19,"column":16},"end":{"line":23,"column":null}},"7":{"start":{"line":20,"column":20},"end":{"line":20,"column":32}},"8":{"start":{"line":22,"column":20},"end":{"line":22,"column":34}},"9":{"start":{"line":33,"column":8},"end":{"line":44,"column":11}},"10":{"start":{"line":34,"column":24},"end":{"line":34,"column":48}},"11":{"start":{"line":35,"column":12},"end":{"line":43,"column":15}},"12":{"start":{"line":36,"column":16},"end":{"line":39,"column":null}},"13":{"start":{"line":37,"column":20},"end":{"line":37,"column":32}},"14":{"start":{"line":38,"column":20},"end":{"line":38,"column":27}},"15":{"start":{"line":40,"column":33},"end":{"line":40,"column":150}},"16":{"start":{"line":40,"column":49},"end":{"line":40,"column":149}},"17":{"start":{"line":41,"column":16},"end":{"line":41,"column":38}},"18":{"start":{"line":42,"column":16},"end":{"line":42,"column":34}},"19":{"start":{"line":69,"column":8},"end":{"line":85,"column":11}},"20":{"start":{"line":71,"column":10},"end":{"line":74,"column":null}},"21":{"start":{"line":72,"column":12},"end":{"line":72,"column":61}},"22":{"start":{"line":73,"column":12},"end":{"line":73,"column":19}},"23":{"start":{"line":76,"column":22},"end":{"line":76,"column":72}},"24":{"start":{"line":77,"column":10},"end":{"line":84,"column":13}},"25":{"start":{"line":79,"column":12},"end":{"line":83,"column":null}},"26":{"start":{"line":80,"column":14},"end":{"line":80,"column":26}},"27":{"start":{"line":82,"column":14},"end":{"line":82,"column":28}},"28":{"start":{"line":95,"column":8},"end":{"line":112,"column":11}},"29":{"start":{"line":96,"column":24},"end":{"line":96,"column":71}},"30":{"start":{"line":97,"column":12},"end":{"line":111,"column":15}},"31":{"start":{"line":98,"column":16},"end":{"line":101,"column":null}},"32":{"start":{"line":99,"column":20},"end":{"line":99,"column":32}},"33":{"start":{"line":100,"column":20},"end":{"line":100,"column":27}},"34":{"start":{"line":102,"column":16},"end":{"line":105,"column":null}},"35":{"start":{"line":103,"column":20},"end":{"line":103,"column":55}},"36":{"start":{"line":104,"column":20},"end":{"line":104,"column":27}},"37":{"start":{"line":106,"column":16},"end":{"line":110,"column":19}},"38":{"start":{"line":107,"column":20},"end":{"line":107,"column":34}},"39":{"start":{"line":109,"column":20},"end":{"line":109,"column":32}},"40":{"start":{"line":120,"column":8},"end":{"line":130,"column":11}},"41":{"start":{"line":121,"column":24},"end":{"line":121,"column":67}},"42":{"start":{"line":122,"column":12},"end":{"line":129,"column":15}},"43":{"start":{"line":123,"column":16},"end":{"line":126,"column":null}},"44":{"start":{"line":124,"column":20},"end":{"line":124,"column":32}},"45":{"start":{"line":125,"column":20},"end":{"line":125,"column":27}},"46":{"start":{"line":127,"column":33},"end":{"line":127,"column":150}},"47":{"start":{"line":127,"column":49},"end":{"line":127,"column":149}},"48":{"start":{"line":128,"column":16},"end":{"line":128,"column":34}},"49":{"start":{"line":139,"column":8},"end":{"line":148,"column":11}},"50":{"start":{"line":140,"column":24},"end":{"line":140,"column":62}},"51":{"start":{"line":141,"column":12},"end":{"line":147,"column":15}},"52":{"start":{"line":142,"column":16},"end":{"line":146,"column":null}},"53":{"start":{"line":143,"column":20},"end":{"line":143,"column":32}},"54":{"start":{"line":145,"column":20},"end":{"line":145,"column":34}},"55":{"start":{"line":156,"column":8},"end":{"line":165,"column":11}},"56":{"start":{"line":157,"column":24},"end":{"line":157,"column":46}},"57":{"start":{"line":158,"column":12},"end":{"line":164,"column":15}},"58":{"start":{"line":159,"column":16},"end":{"line":163,"column":null}},"59":{"start":{"line":160,"column":20},"end":{"line":160,"column":32}},"60":{"start":{"line":162,"column":20},"end":{"line":162,"column":34}},"61":{"start":{"line":174,"column":8},"end":{"line":184,"column":11}},"62":{"start":{"line":175,"column":24},"end":{"line":175,"column":67}},"63":{"start":{"line":176,"column":12},"end":{"line":183,"column":15}},"64":{"start":{"line":177,"column":16},"end":{"line":180,"column":null}},"65":{"start":{"line":178,"column":20},"end":{"line":178,"column":32}},"66":{"start":{"line":179,"column":20},"end":{"line":179,"column":27}},"67":{"start":{"line":181,"column":33},"end":{"line":181,"column":150}},"68":{"start":{"line":181,"column":49},"end":{"line":181,"column":149}},"69":{"start":{"line":182,"column":16},"end":{"line":182,"column":34}},"70":{"start":{"line":193,"column":8},"end":{"line":209,"column":11}},"71":{"start":{"line":194,"column":24},"end":{"line":194,"column":64}},"72":{"start":{"line":195,"column":12},"end":{"line":208,"column":15}},"73":{"start":{"line":196,"column":16},"end":{"line":199,"column":null}},"74":{"start":{"line":197,"column":20},"end":{"line":197,"column":32}},"75":{"start":{"line":198,"column":20},"end":{"line":198,"column":27}},"76":{"start":{"line":200,"column":16},"end":{"line":204,"column":null}},"77":{"start":{"line":201,"column":36},"end":{"line":201,"column":136}},"78":{"start":{"line":202,"column":20},"end":{"line":202,"column":37}},"79":{"start":{"line":203,"column":20},"end":{"line":203,"column":27}},"80":{"start":{"line":206,"column":
[...]
t":{"line":165,"column":20},"end":{"line":165,"column":52}},{"start":{"line":166,"column":20},"end":{"line":166,"column":53}}]},"8":{"loc":{"start":{"line":169,"column":23},"end":{"line":174,"column":null}},"type":"if","locations":[{"start":{"line":169,"column":23},"end":{"line":174,"column":null}}]},"9":{"loc":{"start":{"line":170,"column":20},"end":{"line":171,"column":49}},"type":"binary-expr","locations":[{"start":{"line":170,"column":20},"end":{"line":170,"column":50}},{"start":{"line":171,"column":20},"end":{"line":171,"column":49}}]},"10":{"loc":{"start":{"line":201,"column":16},"end":{"line":211,"column":null}},"type":"if","locations":[{"start":{"line":201,"column":16},"end":{"line":211,"column":null}},{"start":{"line":206,"column":23},"end":{"line":211,"column":null}}]},"11":{"loc":{"start":{"line":202,"column":20},"end":{"line":203,"column":50}},"type":"binary-expr","locations":[{"start":{"line":202,"column":20},"end":{"line":202,"column":52}},{"start":{"line":203,"column":20},"end":{"line":203,"column":50}}]},"12":{"loc":{"start":{"line":206,"column":23},"end":{"line":211,"column":null}},"type":"if","locations":[{"start":{"line":206,"column":23},"end":{"line":211,"column":null}}]},"13":{"loc":{"start":{"line":207,"column":20},"end":{"line":208,"column":86}},"type":"binary-expr","locations":[{"start":{"line":207,"column":20},"end":{"line":207,"column":53}},{"start":{"line":208,"column":20},"end":{"line":208,"column":86}}]},"14":{"loc":{"start":{"line":216,"column":16},"end":{"line":226,"column":null}},"type":"if","locations":[{"start":{"line":216,"column":16},"end":{"line":226,"column":null}},{"start":{"line":221,"column":23},"end":{"line":226,"column":null}}]},"15":{"loc":{"start":{"line":217,"column":20},"end":{"line":218,"column":53}},"type":"binary-expr","locations":[{"start":{"line":217,"column":20},"end":{"line":217,"column":52}},{"start":{"line":218,"column":20},"end":{"line":218,"column":53}}]},"16":{"loc":{"start":{"line":221,"column":23},"end":{"line":226,"column":null}},"type":"if","locations":[{"start":{"line":221,"column":23},"end":{"line":226,"column":null}}]},"17":{"loc":{"start":{"line":222,"column":20},"end":{"line":223,"column":49}},"type":"binary-expr","locations":[{"start":{"line":222,"column":20},"end":{"line":222,"column":50}},{"start":{"line":223,"column":20},"end":{"line":223,"column":49}}]}},"s":{"0":1,"1":1,"2":1,"3":1,"4":1,"5":1,"6":1,"7":1,"8":1,"9":1,"10":1,"11":1,"12":4,"13":0,"14":4,"15":1,"16":4,"17":2,"18":2,"19":3,"20":0,"21":3,"22":1,"23":4,"24":2,"25":2,"26":4,"27":0,"28":4,"29":4,"30":1,"31":2,"32":0,"33":2,"34":2,"35":0,"36":2,"37":1,"38":1,"39":1,"40":0,"41":4,"42":0,"43":4,"44":4,"45":1,"46":2,"47":0,"48":2,"49":2,"50":0,"51":2,"52":1,"53":1,"54":1,"55":0,"56":4,"57":0,"58":4,"59":1,"60":1,"61":0,"62":1,"63":1,"64":2,"65":0,"66":2,"67":1},"f":{"0":1,"1":1,"2":1,"3":4,"4":0,"5":4,"6":4,"7":3,"8":0,"9":3,"10":4,"11":4,"12":0,"13":4,"14":2,"15":2,"16":4,"17":0,"18":4,"19":2,"20":2,"21":4,"22":0,"23":4,"24":1,"25":0,"26":1,"27":2,"28":0,"29":2},"b":{"0":[2],"1":[2],"2":[0,2],"3":[2,2],"4":[2],"5":[2,2],"6":[1,1],"7":[2,2],"8":[1],"9":[1,1],"10":[0,2],"11":[2,2],"12":[2],"13":[2,2],"14":[1,1],"15":[2,2],"16":[1],"17":[1,1]}}
,"D:\\PolitoUni\\Courses\\Semster2\\SoftwareEngineering\\Project_Delivery3\\ezelectronics\\code\\server\\src\\routers\\reviewRoutes.ts": {"path":"D:\\PolitoUni\\Courses\\Semster2\\SoftwareEngineering\\Project_Delivery3\\ezelectronics\\code\\server\\src\\routers\\reviewRoutes.ts","statementMap":{"0":{"start":{"line":1,"column":0},"end":{"line":1,"column":41}},"1":{"start":{"line":2,"column":0},"end":{"line":2,"column":36}},"2":{"start":{"line":3,"column":0},"end":{"line":3,"column":54}},"3":{"start":{"line":4,"column":0},"end":{"line":4,"column":62}},"4":{"start":{"line":15,"column":8},"end":{"line":15,"column":null}},"5":{"start":{"line":16,"column":8},"end":{"line":16,"column":null}},"6":{"start":{"line":17,"column":8},"end":{"line":17,"column":null}},"7":{"start":{"line":18,"column":8},"end":{"line":18,"column":null}},"8":{"start":{"line":19,"column":8},"end":{"line":19,"column":null}},"9":{"start":{"line":23,"column":8},"end":{"line":23,"column":null}},"10":{"start":{"line":38,"column":8},"end":{"line":52,"column":null}},"11":{"start":{"line":46,"column":47},"end":{"line":51,"column":18}},"12":{"start":{"line":47,"column":28},"end":{"line":47,"column":50}},"13":{"start":{"line":49,"column":20},"end":{"line":49,"column":null}},"14":{"start":{"line":50,"column":20},"end":{"line":50,"column":null}},"15":{"start":{"line":60,"column":8},"end":{"line":68,"column":null}},"16":{"start":{"line":65,"column":47},"end":{"line":67,"column":49}},"17":{"start":{"line":66,"column":52},"end":{"line":66,"column":81}},"18":{"start":{"line":67,"column":39},"end":{"line":67,"column":48}},"19":{"start":{"line":76,"column":8},"end":{"line":88,"column":null}},"20":{"start":{"line":82,"column":47},"end":{"line":87,"column":18}},"21":{"start":{"line":83,"column":28},"end":{"line":83,"column":50}},"22":{"start":{"line":85,"column":20},"end":{"line":85,"column":null}},"23":{"start":{"line":86,"column":20},"end":{"line":86,"column":null}},"24":{"start":{"line":96,"column":8},"end":{"line":105,"column":null}},"25":{"start":{"line":102,"column":47},"end":{"line":104,"column":49}},"26":{"start":{"line":103,"column":28},"end":{"line":103,"column":50}},"27":{"start":{"line":104,"column":39},"end":{"line":104,"column":48}},"28":{"start":{"line":112,"column":8},"end":{"line":118,"column":null}},"29":{"start":{"line":115,"column":47},"end":{"line":117,"column":49}},"30":{"start":{"line":116,"column":28},"end":{"line":116,"column":50}},"31":{"start":{"line":117,"column":39},"end":{"line":117,"column":48}},"32":{"start":{"line":122,"column":0},"end":{"line":122,"column":28}}},"fnMap":{"0":{"name":"(anonymous_1)","decl":{"start":{"line":14,"column":4},"end":{"line":14,"column":16}},"loc":{"start":{"line":14,"column":44},"end":{"line":20,"column":5}}},"1":{"name":"(anonymous_2)","decl":{"start":{"line":22,"column":4},"end":{"line":22,"column":13}},"loc":{"start":{"line":22,"column":13},"end":{"line":24,"column":5}}},"2":{"name":"(anonymous_3)","decl":{"start":{"line":26,"column":4},"end":{"line":26,"column":14}},"loc":{"start":{"line":26,"column":14},"end":{"line":119,"column":5}}},"3":{"name":"(anonymous_4)","decl":{"start":{"line":46,"column":12},"end":{"line":46,"column":13}},"loc":{"start":{"line":46,"column":47},"end":{"line":51,"column":18}}},"4":{"name":"(anonymous_5)","decl":{"start":{"line":47,"column":22},"end":{"line":47,"column":25}},"loc":{"start":{"line":47,"column":28},"end":{"line":47,"column":50}}},"5":{"name":"(anonymous_6)","decl":{"start":{"line":48,"column":23},"end":{"line":48,"column":24}},"loc":{"start":{"line":48,"column":38},"end":{"line":51,"column":17}}},"6":{"name":"(anonymous_7)","decl":{"start":{"line":65,"column":12},"end":{"line":65,"column":13}},"loc":{"start":{"line":65,"column":47},"end":{"line":67,"column":49}}},"7":{"name":"(anonymous_8)","decl":{"start":{"line":66,"column":22},"end":{"line":66,"column":23}},"loc":{"start":{"line":66,"column":52},"end":{"line":66,"column":81}}},"8":{"name":"(anonymous_9)","decl":{"start":{"line":67,"column":23},"end":{"line":67,"column":24}},"loc":{"start":{"line":67,"column":39},"end":{"line":67,"column":48}}},"9":{"name":"(anonymous_10)","decl":{"start":{"line":82,"column":12},"end":{"line":82,"column":13}},"loc":{"start":{"line":82,"column":47},"end":{"line":87,"column":18}}},"10":{"name":"(anonymous_11)","decl":{"start":{"line":83,"column":22},"end":{"line":83,"column":25}},"loc":{"start":{"line":83,"column":28},"end":{"line":83,"column":50}}},"11":{"name":"(anonymous_12)","decl":{"start":{"line":84,"column":23},"end":{"line":84,"column":24}},"loc":{"start":{"line":84,"column":38},"end":{"line":87,"column":17}}},"12":{"name":"(anonymous_13)","decl":{"start":{"line":102,"column":12},"end":{"line":102,"column":13}},"loc":{"start":{"line":102,"column":47},"end":{"line":104,"column":49}}},"13":{"name":"(anonymous_14)","decl":{"start":{"line":103,"column":22},"end":{"line":103,"column":25}},"loc":{"start":{"line":103,"column":28},"end":{"line":103,"column":50}}},"14":{"name":"(anonymous_15)","decl":{"start":{"line":104,"column":23},"end":{"line":104,"column":24}},"loc":{"start":{"line":104,"column":39},"end":{"line":104,"column":48}}},"15":{"name":"(anonymous_16)","decl":{"start":{"line":115,"column":12},"end":{"line":115,"column":13}},"loc":{"start":{"line":115,"column":47},"end":{"line":117,"column":49}}},"16":{"name":"(anonymous_17)","decl":{"start":{"line":116,"column":22},"end":{"line":116,"column":25}},"loc":{"start":{"line":116,"column":28},"end":{"line":116,"column":50}}},"17":{"name":"(anonymous_18)","decl":{"start":{"line":117,"column":23},"end":{"line":117,"column":24}},"loc":{"start":{"line":117,"column":39},"end":{"line":117,"column":48}}}},"branchMap":{},"s":{"0":1,"1":1,"2":1,"3":1,"4":1,"5":1,"6":1,"7":1,"8":1,"9":1,"10":1,"11":0,"12":0,"13":0,"14":0,"15":1,"16":0,"17":0,"18":0,"19":1,"20":0,"21":0,"22":0,"23":0,"24":1,"25":0,"26":0,"27":0,"28":1,"29":0,"30":0,"31":0,"32":1},"f":{"0":1,"1":1,"2":1,"3":0,"4":0,"5":0,"6":0,"7":0,"8":0,"9":0,"10":0,"11":0,"12":0,"13":0,"14":0,"15":0,"16":0,"17":0},"b":{}}
,"D:\\PolitoUni\\Courses\\Semster2\\SoftwareEngineering\\Project_Delivery3\\ezelectronics\\code\\server\\src\\routers\\userRoutes.ts": {"path":"D:\\PolitoUni\\Courses\\Semster2\\SoftwareEngineering\\Project_Delivery3\\ezelectronics\\code\\server\\src\\routers\\userRoutes.ts","statementMap":{"0":{"start":{"line":1,"column":0},"end":{"line":1,"column":41}},"1":{"start":{"line":3,"column":0},"end":{"line":3,"column":47}},"2":{"start":{"line":5,"column":0},"end":{"line":5,"column":36}},"3":{"start":{"line":6,"column":0},"end":{"line":6,"column":58}},"4":{"start":{"line":22,"column":8},"end":{"line":22,"column":null}},"5":{"start":{"line":23,"column":8},"end":{"line":23,"column":null}},"6":{"start":{"line":24,"column":8},"end":{"line":24,"column":null}},"7":{"start":{"line":25,"column":8},"end":{"line":25,"column":null}},"8":{"start":{"line":26,"column":8},"end":{"line":26,"column":null}},"9":{"start":{"line":34,"column":8},"end":{"line":34,"column":null}},"10":{"start":{"line":57,"column":8},"end":{"line":69,"column":null}},"11":{"start":{"line":64,"column":47},"end":{"line":68,"column":18}},"12":{"start":{"line":65,"column":28},"end":{"line":65,"column":49}},"13":{"start":{"line":67,"column":20},"end":{"line":67,"column":null}},"14":{"start":{"line":76,"column":8},"end":{"line":83,"column":null}},"15":{"start":{"line":80,"column":47},"end":{"line":82,"column":42}},"16":{"start":{"line":81,"column":41},"end":{"line":81,"column":68}},"17":{"start":{"line":82,"column":32},"end":{"line":82,"column":41}},"18":{"start":{"line":91,"column":8},"end":{"line":98,"column":null}},"19":{"start":{"line":95,"column":47},"end":{"line":97,"column":42}},"20":{"start":{"line":96,"column":41},"end":{"line":96,"column":68}},"21":{"start":{"line":97,"column":32},"end":{"line":97,"column":41}},"22":{"start":{"line":106,"column":8},"end":{"line":112,"column":null}},"23":{"start":{"line":109,"column":47},"end":{"line":111,"column":42}},"24":{"start":{"line":110,"column":38},"end":{"line":110,"column":64}},"25":{"start":{"line":111,"column":32},"end":{"line":111,"column":41}},"26":{"start":{"line":120,"column":8},"end":{"line":126,"column":null}},"27":{"start":{"line":123,"column":47},"end":{"line":125,"column":47}},"28":{"start":{"line":124,"column":28},"end":{"line":124,"column":49}},"29":{"start":{"line":125,"column":37},"end":{"line":125,"column":46}},"30":{"start":{"line":133,"column":8},"end":{"line":140,"column":null}},"31":{"start":{"line":137,"column":47},"end":{"line":139,"column":47}},"32":{"start":{"line":138,"column":28},"end":{"line":138,"column":49}},"33":{"start":{"line":139,"column":37},"end":{"line":139,"column":46}},"34":{"start":{"line":153,"column":8},"end":{"line":162,"column":null}},"35":{"start":{"line":159,"column":47},"end":{"line":161,"column":47}},"36":{"start":{"line":160,"column":38},"end":{"line":160,"column":64}},"37":{"start":{"line":161,"column":37},"end":{"line":161,"column":46}},"38":{"start":{"line":239,"column":9},"end":{"line":239,"column":19}},"39":{"start":{"line":180,"column":8},"end":{"line":180,"column":null}},"40":{"start":{"line":181,"column":8},"end":{"line":181,"column":null}},"41":{"start":{"line":182,"column":8},"end":{"line":182,"column":39}},"42":{"start":{"line":183,"column":8},"end":{"line":183,"column":26}},"43":{"start":{"line":187,"column":8},"end":{"line":187,"column":null}},"44":{"start":{"line":208,"column":8},"end":{"line":213,"column":null}},"45":{"start":{"line":210,"column":32},"end":{"line":212,"column":67}},"46":{"start":{"line":211,"column":38},"end":{"line":211,"column":64}},"47":{"start":{"line":212,"column":39},"end":{"line":212,"column":65}},"48":{"start":{"line":220,"column":8},"end":{"line":225,"column":null}},"49":{"start":{"line":222,"column":32},"end":{"line":224,"column":47}},"50":{"start":{"line":223,"column":28},"end":{"line":223,"column":49}},"51":{"start":{"line":224,"column":37},"end":{"line":224,"column":46}},"52":{"start":{"line":232,"column":8},"end":{"line":235,"column":null}},"53":{"start":{"line":234,"column":36},"end":{"line":234,"column":66}},"54":{"start":{"line":239,"column":21},"end":{"line":239,"column":31}}},"fnMap":{"0":{"name":"(anonymous_1)","decl":{"start":{"line":21,"column":4},"end":{"line":21,"column":16}},"loc":{"start":{"line":21,"column":44},"end":{"line":27,"column":5}}},"1":{"name":"(anonymous_2)","decl":{"start":{"line":33,"column":4},"end":{"line":33,"column":13}},"loc":{"start":{"line":33,"column":13},"end":{"line":35,"column":5}}},"2":{"name":"(anonymous_3)","decl":{"start":{"line":44,"column":4},"end":{"line":44,"column":14}},"loc":{"start":{"line":44,"column":14},"end":{"line":164,"column":5}}},"3":{"name":"(anonymous_4)","decl":{"start":{"line":64,"column":12},"end":{"line":64,"column":13}},"loc":{"start":{"line":64,"column":47},"end":{"line":68,"column":18}}},"4":{"name":"(anonymous_5)","decl":{"start":{"line":65,"column":22},"end":{"line":65,"column":25}},"loc":{"start":{"line":65,"column":28},"end":{"line":65,"column":49}}},"5":{"name":"(anonymous_6)","decl":{"start":{"line":66,"column":23},"end":{"line":66,"column":24}},"loc":{"start":{"line":66,"column":31},"end":{"line":68,"column":17}}},"6":{"name":"(anonymous_7)","decl":{"start":{"line":80,"column":12},"end":{"line":80,"column":13}},"loc":{"start":{"line":80,"column":47},"end":{"line":82,"column":42}}},"7":{"name":"(anonymous_8)","decl":{"start":{"line":81,"column":22},"end":{"line":81,"column":23}},"loc":{"start":{"line":81,"column":41},"end":{"line":81,"column":68}}},"8":{"name":"(anonymous_9)","decl":{"start":{"line":82,"column":23},"end":{"line":82,"column":24}},"loc":{"start":{"line":82,"column":32},"end":{"line":82,"column":41}}},"9":{"name":"(anonymous_10)","decl":{"start":{"line":95,"column":12},"end":{"line":95,"column":13}},"loc":{"start":{"line":95,"column":47},"end":{"line":97,"column":42}}},"10":{"name":"(anonymous_11)","decl":{"start":{"line":96,"column":22},"end":{"line":96,"column":23}},"loc":{"start":{"line":96,"column":41},"end":{"line":96,"column":68}}},"11":{"name":"(anonymous_12)","decl":{"start":{"line":97,"column":23},"end":{"line":97,"column":24}},"loc":{"start":{"line":97,"column":32},"end":{"line":97,"column":41}}},"12":{"name":"(anonymous_13)","decl":{"start":{"line":109,"column":12},"end":{"line":109,"column":13}},"loc":{"start":{"line":109,"column":47},"end":{"line":111,"column":42}}},"13":{"name":"(anonymous_14)","decl":{"start":{"line":110,"column":22},"end":{"line":110,"column":23}},"loc":{"start":{"line":110,"column":38},"end":{"line":110,"column":64}}},"14":{"name":"(anonymous_15)","decl":{"start":{"line":111,"column":23},"end":{"line":111,"column":24}},"loc":{"start":{"line":111,"column":32},"end":{"line":111,"column":41}}},"15":{"name":"(anonymous_16)","decl":{"start":{"line":123,"column":12},"end":{"line":123,"column":13}},"loc":{"start":{"line":123,"column":47},"end":{"line":125,"column":47}}},"16":{"name":"(anonymous_17)","decl":{"start":{"line":124,"column":22},"end":{"line":124,"column":25}},"loc":{"start":{"line":124,"column":28},"end":{"line":124,"column":49}}},"17":{"name":"(anonymous_18)","decl":{"start":{"line":125,"column":23},"end":{"line":125,"column":24}},"loc":{"start":{"line":125,"column":37},"end":{"line":125,"column":46}}},"18":{"name":"(anonymous_19)","decl":{"start":{"line":137,"column":12},"end":{"line":137,"column":13}},"loc":{"start":{"line":137,"column":47},"end":{"line":139,"column":47}}},"19":{"name":"(anonymous_20)","decl":{"start":{"line":138,"column":22},"end":{"line":138,"column":25}},"loc":{"start":{"line":138,"column":28},"end":{"line":138,"column":49}}},"20":{"name":"(anonymous_21)","decl":{"start":{"line":139,"column":23},"end":{"line":139,"column":24}},"loc":{"start":{"line":139,"column":37},"end":{"line":139,"column":46}}},"21":{"name":"(anonymous_22)","decl":{"start":{"line":159,"column":12},"end":{"line":159,"column":13}},"loc":{"start":{"line":159,"column":47},"end":{"line":161,"column":47}}},"22":{"name":"(anonymous_23)","decl":{"start":{"line":160,"column":22},"end":{"line":160,"column":23}},"loc":{"start":{"line":160,"column":38},"end":{"line":160,"column":64}}},"23":{"name":"(anonymous_24)","decl":{"start":{"line":161,"column":23},"end":{"line":161,"column":24}},"loc":{"start":{"line":161,"column":37},"end":{"line":161,"column":46}}},"24":{"name":"(anonymous_25)","decl":{"start":{"line":179,"column":4},"end":{"line":179,"column":16}},"loc":{"start":{"line":179,"column":44},"end":{"line":184,"column":5}}},"25":{"name":"(anonymous_26)","decl":{"start":{"line":186,"column":4},"end":{"line":186,"column":13}},"loc":{"start":{"line":186,"column":13},"end":{"line":188,"column":5}}},"26":{"name":"(anonymous_27)","decl":{"start":{"line":197,"column":4},"end":{"line":197,"column":14}},"loc":{"start":{"line":197,"column":14},"end":{"line":236,"column":5}}},"27":{"name":"(anonymous_28)","decl":{"start":{"line":210,"column":12},"end":{"line":210,"column":13}},"loc":{"start":{"line":210,"column":32},"end":{"line":212,"column":67}}},"28":{"name":"(anonymous_29)","decl":{"start":{"line":211,"column":22},"end":{"line":211,"column":23}},"loc":{"start":{"line":211,"column":38},"end":{"line":211,"column":64}}},"29":{"name":"(anonymous_30)","decl":{"start":{"line":212,"column":23},"end":{"line":212,"column":24}},"loc":{"start":{"line":212,"column":36},"end":{"line":212,"column":66}}},"30":{"name":"(anonymous_31)","decl":{"start":{"line":222,"column":12},"end":{"line":222,"column":13}},"loc":{"start":{"line":222,"column":32},"end":{"line":224,"column":47}}},"31":{"name":"(anonymous_32)","decl":{"start":{"line":223,"column":22},"end":{"line":223,"column":25}},"loc":{"start":{"line":223,"column":28},"end":{"line":223,"column":49}}},"32":{"name":"(anonymous_33)","decl":{"start":{"line":224,"column":23},"end":{"line":224,"column":24}},"loc":{"start":{"line":224,"column":37},"end":{"line":224,"column":46}}},"33":{"name":"(anonymous_34)","decl":{"start":{"line":234,"column":12},"end":{"line":234,"column":13}},"loc":{"start":{"line":234,"column":36},"end":{"line":234,"column":66}}}},"branchMap":{},"s":{"0":1,"1":1,"2":1,"3":1,"4":1,"5":1,"6":1,"7":1,"8":1,"9":1,"10":1,"11":3,"12":3,"13":0,"14":1,"15":0,"16":0,"17":0,"18":1,"19":0,"20":0,"21":0,"22":1,"23":0,"24":0,"25":0,"26":1,"27":0,"28":0,"29":0,"30":1,"31":0,"32":0,"33":0,"34":1,"35":0,"36":0,"37":0,"38":1,"39":1,"40":1,"41":1,"42":1,"43":1,"44":1,"45":3,"46":3,"47":0,"48":1,"49":0,"50":0,"51":0,"52":1,"53":0,"54":1},"f":{"0":1,"1":1,"2":1,"3":3,"4":3,"5":0,"6":0,"7":0,"8":0,"9":0,"10":0,"11":0,"12":0,"13":0,"14":0,"15":0,"16":0,"17":0,"18":0,"19":0,"20":0,"21":0,"22":0,"23":0,"24":1,"25":1,"26":1,"27":3,"28":3,"29":0,"30":0,"31":0,"32":0,"33":0},"b":{}}
}
