TN:
SF:index.ts
FN:18,(anonymous_1)
FNF:1
FNH:0
FNDA:0,(anonymous_1)
DA:1,1
DA:2,1
DA:3,1
DA:4,1
DA:6,1
DA:7,1
DA:9,1
DA:11,1
DA:15,1
DA:16,1
DA:17,1
DA:18,0
DA:19,0
DA:23,1
LF:14
LH:12
BRDA:17,0,0,0
BRF:1
BRH:0
end_of_record
TN:
SF:src\helper.ts
FN:16,(anonymous_0)
FN:20,(anonymous_1)
FN:32,(anonymous_2)
FN:33,(anonymous_3)
FNF:4
FNH:4
FNDA:49,(anonymous_0)
FNDA:32,(anonymous_1)
FNDA:1,(anonymous_2)
FNDA:22,(anonymous_3)
DA:1,1
DA:17,49
DA:18,49
DA:19,28
DA:20,28
DA:21,32
DA:23,28
DA:25,21
DA:33,1
DA:34,22
DA:42,1
LF:11
LH:11
BRDA:18,0,0,28
BRDA:34,1,0,22
BRDA:34,1,1,22
BRDA:35,2,0,22
BRDA:35,2,1,22
BRDA:36,3,0,22
BRDA:36,3,1,22
BRF:7
BRH:7
end_of_record
TN:
SF:src\routes.ts
FN:21,initRoutes
FNF:1
FNH:1
FNDA:1,initRoutes
DA:1,1
DA:2,1
DA:3,1
DA:4,1
DA:5,1
DA:6,1
DA:7,1
DA:9,1
DA:10,1
DA:22,1
DA:23,1
DA:24,1
DA:32,1
DA:33,1
DA:34,1
DA:35,1
DA:36,1
DA:37,1
DA:42,1
DA:43,1
DA:44,1
DA:45,1
DA:46,1
DA:48,1
DA:51,1
LF:25
LH:25
BRF:0
BRH:0
end_of_record
TN:
SF:src\utilities.ts
FN:13,(anonymous_0)
FN:21,(anonymous_1)
FN:25,(anonymous_2)
FN:35,(anonymous_3)
FNF:4
FNH:3
FNDA:49,(anonymous_0)
FNDA:0,(anonymous_1)
FNDA:50,(anonymous_2)
FNDA:4,(anonymous_3)
DA:1,1
DA:2,1
DA:14,49
DA:22,0
DA:26,50
DA:36,4
DA:37,4
DA:38,4
DA:42,1
LF:9
LH:8
BRF:0
BRH:0
end_of_record
TN:
SF:src\components\cart.ts
FN:21,(anonymous_0)
FN:46,(anonymous_1)
FNF:2
FNH:0
FNDA:0,(anonymous_0)
FNDA:0,(anonymous_1)
DA:22,0
DA:23,0
DA:24,0
DA:25,0
DA:26,0
DA:47,0
DA:48,0
DA:49,0
DA:50,0
DA:54,1
LF:10
LH:1
BRF:0
BRH:0
end_of_record
TN:
SF:src\components\product.ts
FN:22,(anonymous_0)
FN:35,(anonymous_1)
FNF:2
FNH:1
FNDA:0,(anonymous_0)
FNDA:1,(anonymous_1)
DA:23,0
DA:24,0
DA:25,0
DA:26,0
DA:27,0
DA:28,0
DA:35,1
DA:36,1
DA:37,1
DA:38,1
DA:41,1
LF:11
LH:5
BRDA:35,0,0,1
BRDA:35,0,1,1
BRF:2
BRH:2
end_of_record
TN:
SF:src\components\review.ts
FN:19,(anonymous_0)
FNF:1
FNH:0
FNDA:0,(anonymous_0)
DA:20,0
DA:21,0
DA:22,0
DA:23,0
DA:24,0
DA:28,1
LF:6
LH:1
BRF:0
BRH:0
end_of_record
TN:
SF:src\components\user.ts
FN:21,(anonymous_0)
FN:35,(anonymous_1)
FNF:2
FNH:2
FNDA:59,(anonymous_0)
FNDA:1,(anonymous_1)
DA:22,59
DA:23,59
DA:24,59
DA:25,59
DA:26,59
DA:27,59
DA:35,1
DA:36,1
DA:37,1
DA:38,1
DA:41,1
LF:11
LH:11
BRDA:35,0,0,1
BRDA:35,0,1,1
BRF:2
BRH:2
end_of_record
TN:
SF:src\controllers\cartController.ts
FN:16,(anonymous_8)
FN:29,(anonymous_9)
FN:45,(anonymous_11)
FN:59,(anonymous_13)
FN:73,(anonymous_15)
FN:73,(anonymous_16)
FN:86,(anonymous_17)
FN:95,(anonymous_19)
FN:104,(anonymous_21)
FN:112,(anonymous_23)
FN:120,(anonymous_25)
FNF:11
FNH:1
FNDA:1,(anonymous_8)
FNDA:0,(anonymous_9)
FNDA:0,(anonymous_11)
FNDA:0,(anonymous_13)
FNDA:0,(anonymous_15)
FNDA:0,(anonymous_16)
FNDA:0,(anonymous_17)
FNDA:0,(anonymous_19)
FNDA:0,(anonymous_21)
FNDA:0,(anonymous_23)
FNDA:0,(anonymous_25)
DA:1,1
DA:3,1
DA:4,1
DA:5,1
DA:6,1
DA:17,1
DA:18,1
DA:30,0
DA:31,0
DA:32,0
DA:33,0
DA:34,0
DA:36,0
DA:46,0
DA:47,0
DA:48,0
DA:50,0
DA:60,0
DA:61,0
DA:62,0
DA:63,0
DA:64,0
DA:65,0
DA:66,0
DA:67,0
DA:68,0
DA:70,0
DA:71,0
DA:72,0
DA:73,0
DA:74,0
DA:77,0
DA:87,0
DA:96,0
DA:105,0
DA:113,0
DA:121,0
DA:125,1
LF:38
LH:8
BRDA:31,0,0,0
BRDA:33,1,0,0
BRDA:47,2,0,0
BRDA:61,3,0,0
BRDA:64,4,0,0
BRDA:67,5,0,0
BRDA:72,6,0,0
BRF:7
BRH:0
end_of_record
TN:
SF:src\controllers\productController.ts
FN:16,(anonymous_8)
FN:30,(anonymous_9)
FN:50,(anonymous_11)
FN:71,(anonymous_13)
FN:105,(anonymous_15)
FN:123,(anonymous_17)
FN:139,(anonymous_19)
FN:149,(anonymous_21)
FNF:8
FNH:8
FNDA:1,(anonymous_8)
FNDA:4,(anonymous_9)
FNDA:3,(anonymous_11)
FNDA:4,(anonymous_13)
FNDA:4,(anonymous_15)
FNDA:4,(anonymous_17)
FNDA:1,(anonymous_19)
FNDA:2,(anonymous_21)
DA:1,1
DA:3,1
DA:4,1
DA:6,1
DA:17,1
DA:32,4
DA:33,0
DA:34,0
DA:37,0
DA:38,0
DA:40,0
DA:51,3
DA:52,0
DA:53,0
DA:54,0
DA:56,0
DA:57,0
DA:59,0
DA:60,0
DA:61,0
DA:73,4
DA:74,0
DA:75,0
DA:78,0
DA:80,0
DA:81,0
DA:83,0
DA:84,0
DA:87,0
DA:88,0
DA:91,0
DA:92,0
DA:93,0
DA:106,4
DA:107,4
DA:108,1
DA:109,3
DA:110,2
DA:113,1
DA:124,4
DA:125,1
DA:126,3
DA:127,2
DA:130,1
DA:140,1
DA:150,2
DA:151,0
DA:152,0
DA:154,0
DA:159,1
LF:50
LH:22
BRDA:33,0,0,0
BRDA:37,1,0,0
BRDA:53,2,0,0
BRDA:56,3,0,0
BRDA:74,4,0,0
BRDA:80,5,0,0
BRDA:83,6,0,0
BRDA:87,7,0,0
BRDA:107,8,0,1
BRDA:107,8,1,3
BRDA:109,9,0,2
BRDA:109,9,1,1
BRDA:124,10,0,1
BRDA:124,10,1,3
BRDA:126,11,0,2
BRDA:126,11,1,1
BRDA:151,12,0,0
BRF:17
BRH:8
end_of_record
TN:
SF:src\controllers\reviewController.ts
FN:12,(anonymous_8)
FN:25,(anonymous_9)
FN:33,(anonymous_11)
FN:44,(anonymous_12)
FN:54,(anonymous_14)
FN:61,(anonymous_16)
FN:73,(anonymous_17)
FN:86,(anonymous_19)
FNF:8
FNH:1
FNDA:1,(anonymous_8)
FNDA:0,(anonymous_9)
FNDA:0,(anonymous_11)
FNDA:0,(anonymous_12)
FNDA:0,(anonymous_14)
FNDA:0,(anonymous_16)
FNDA:0,(anonymous_17)
FNDA:0,(anonymous_19)
DA:1,1
DA:3,1
DA:4,1
DA:5,1
DA:13,1
DA:14,1
DA:26,0
DA:27,0
DA:28,0
DA:32,0
DA:33,0
DA:34,0
DA:36,0
DA:45,0
DA:55,0
DA:56,0
DA:57,0
DA:60,0
DA:61,0
DA:62,0
DA:65,0
DA:74,0
DA:75,0
DA:76,0
DA:79,0
DA:87,0
DA:91,1
LF:27
LH:7
BRDA:27,0,0,0
BRDA:33,1,0,0
BRDA:56,2,0,0
BRDA:61,3,0,0
BRDA:75,4,0,0
BRF:5
BRH:0
end_of_record
TN:
SF:src\controllers\userController.ts
FN:12,(anonymous_8)
FN:25,(anonymous_9)
FN:33,(anonymous_11)
FN:42,(anonymous_13)
FN:54,(anonymous_15)
FN:70,(anonymous_17)
FN:84,(anonymous_19)
FN:98,(anonymous_21)
FNF:8
FNH:2
FNDA:1,(anonymous_8)
FNDA:3,(anonymous_9)
FNDA:0,(anonymous_11)
FNDA:0,(anonymous_13)
FNDA:0,(anonymous_15)
FNDA:0,(anonymous_17)
FNDA:0,(anonymous_19)
FNDA:0,(anonymous_21)
DA:1,1
DA:3,1
DA:13,1
DA:26,3
DA:34,0
DA:43,0
DA:55,0
DA:56,0
DA:57,0
DA:59,0
DA:71,0
DA:72,0
DA:73,0
DA:74,0
DA:75,0
DA:77,0
DA:85,0
DA:99,0
DA:100,0
DA:102,0
DA:103,0
DA:107,1
LF:22
LH:5
BRDA:56,0,0,0
BRDA:56,1,0,0
BRDA:56,1,1,0
BRDA:72,2,0,0
BRDA:72,2,1,0
BRDA:72,3,0,0
BRDA:72,3,1,0
BRDA:74,4,0,0
BRDA:99,5,0,0
BRF:9
BRH:0
end_of_record
TN:
SF:src\dao\cartDAO.ts
FN:21,(anonymous_8)
FN:22,(anonymous_9)
FN:24,(anonymous_10)
FN:39,(anonymous_11)
FN:40,(anonymous_12)
FN:49,(anonymous_13)
FN:63,(anonymous_14)
FN:80,(anonymous_15)
FN:81,(anonymous_16)
FN:83,(anonymous_17)
FN:105,(anonymous_18)
FN:106,(anonymous_19)
FN:106,(anonymous_20)
FN:118,(anonymous_21)
FN:133,(anonymous_22)
FN:142,(anonymous_23)
FN:149,(anonymous_24)
FN:160,(anonymous_25)
FN:167,(anonymous_26)
FN:189,(anonymous_27)
FN:190,(anonymous_28)
FN:190,(anonymous_29)
FN:201,(anonymous_30)
FN:217,(anonymous_31)
FN:218,(anonymous_32)
FN:225,(anonymous_33)
FN:230,(anonymous_34)
FN:241,(anonymous_35)
FN:242,(anonymous_36)
FN:244,(anonymous_37)
FN:263,(anonymous_38)
FN:264,(anonymous_39)
FN:272,(anonymous_40)
FN:291,(anonymous_41)
FN:292,(anonymous_42)
FN:304,(anonymous_43)
FN:324,(anonymous_44)
FN:325,(anonymous_45)
FN:334,(anonymous_46)
FN:347,(anonymous_47)
FN:370,(anonymous_48)
FN:371,(anonymous_49)
FN:379,(anonymous_50)
FN:399,(anonymous_51)
FN:410,(anonymous_52)
FN:423,(anonymous_53)
FN:434,(anonymous_54)
FN:452,(anonymous_55)
FN:453,(anonymous_56)
FN:460,(anonymous_57)
FN:474,(anonymous_58)
FN:475,(anonymous_59)
FN:477,(anonymous_60)
FN:491,(anonymous_61)
FN:492,(anonymous_62)
FN:501,(anonymous_63)
FN:509,(anonymous_64)
FNF:57
FNH:0
FNDA:0,(anonymous_8)
FNDA:0,(anonymous_9)
FNDA:0,(anonymous_10)
FNDA:0,(anonymous_11)
FNDA:0,(anonymous_12)
FNDA:0,(anonymous_13)
FNDA:0,(anonymous_14)
FNDA:0,(anonymous_15)
FNDA:0,(anonymous_16)
FNDA:0,(anonymous_17)
FNDA:0,(anonymous_18)
FNDA:0,(anonymous_19)
FNDA:0,(anonymous_20)
FNDA:0,(anonymous_21)
FNDA:0,(anonymous_22)
FNDA:0,(anonymous_23)
FNDA:0,(anonymous_24)
FNDA:0,(anonymous_25)
FNDA:0,(anonymous_26)
FNDA:0,(anonymous_27)
FNDA:0,(anonymous_28)
FNDA:0,(anonymous_29)
FNDA:0,(anonymous_30)
FNDA:0,(anonymous_31)
FNDA:0,(anonymous_32)
FNDA:0,(anonymous_33)
FNDA:0,(anonymous_34)
FNDA:0,(anonymous_35)
FNDA:0,(anonymous_36)
FNDA:0,(anonymous_37)
FNDA:0,(anonymous_38)
FNDA:0,(anonymous_39)
FNDA:0,(anonymous_40)
FNDA:0,(anonymous_41)
FNDA:0,(anonymous_42)
FNDA:0,(anonymous_43)
FNDA:0,(anonymous_44)
FNDA:0,(anonymous_45)
FNDA:0,(anonymous_46)
FNDA:0,(anonymous_47)
FNDA:0,(anonymous_48)
FNDA:0,(anonymous_49)
FNDA:0,(anonymous_50)
FNDA:0,(anonymous_51)
FNDA:0,(anonymous_52)
FNDA:0,(anonymous_53)
FNDA:0,(anonymous_54)
FNDA:0,(anonymous_55)
FNDA:0,(anonymous_56)
FNDA:0,(anonymous_57)
FNDA:0,(anonymous_58)
FNDA:0,(anonymous_59)
FNDA:0,(anonymous_60)
FNDA:0,(anonymous_61)
FNDA:0,(anonymous_62)
FNDA:0,(anonymous_63)
FNDA:0,(anonymous_64)
DA:1,1
DA:2,1
DA:3,1
DA:10,1
DA:22,0
DA:23,0
DA:24,0
DA:25,0
DA:26,0
DA:28,0
DA:40,0
DA:41,0
DA:49,0
DA:50,0
DA:51,0
DA:52,0
DA:55,0
DA:56,0
DA:57,0
DA:60,0
DA:61,0
DA:63,0
DA:64,0
DA:65,0
DA:66,0
DA:70,0
DA:81,0
DA:82,0
DA:83,0
DA:84,0
DA:85,0
DA:86,0
DA:88,0
DA:89,0
DA:90,0
DA:91,0
DA:93,0
DA:106,0
DA:107,0
DA:109,0
DA:110,0
DA:113,0
DA:117,0
DA:118,0
DA:119,0
DA:120,0
DA:121,0
DA:124,0
DA:125,0
DA:126,0
DA:129,0
DA:132,0
DA:133,0
DA:134,0
DA:135,0
DA:136,0
DA:139,0
DA:141,0
DA:142,0
DA:143,0
DA:144,0
DA:145,0
DA:148,0
DA:149,0
DA:150,0
DA:151,0
DA:153,0
DA:159,0
DA:160,0
DA:161,0
DA:162,0
DA:163,0
DA:166,0
DA:167,0
DA:168,0
DA:169,0
DA:171,0
DA:179,0
DA:190,0
DA:192,0
DA:193,0
DA:194,0
DA:195,0
DA:197,0
DA:200,0
DA:201,0
DA:202,0
DA:203,0
DA:205,0
DA:218,0
DA:219,0
DA:225,0
DA:226,0
DA:227,0
DA:228,0
DA:230,0
DA:231,0
DA:242,0
DA:243,0
DA:244,0
DA:245,0
DA:246,0
DA:247,0
DA:249,0
DA:250,0
DA:252,0
DA:264,0
DA:265,0
DA:272,0
DA:273,0
DA:274,0
DA:275,0
DA:277,0
DA:278,0
DA:280,0
DA:292,0
DA:293,0
DA:304,0
DA:305,0
DA:306,0
DA:307,0
DA:309,0
DA:310,0
DA:312,0
DA:325,0
DA:326,0
DA:334,0
DA:335,0
DA:336,0
DA:337,0
DA:340,0
DA:341,0
DA:342,0
DA:345,0
DA:347,0
DA:348,0
DA:349,0
DA:352,0
DA:353,0
DA:354,0
DA:358,0
DA:359,0
DA:371,0
DA:372,0
DA:379,0
DA:380,0
DA:381,0
DA:382,0
DA:385,0
DA:386,0
DA:387,0
DA:390,0
DA:391,0
DA:393,0
DA:394,0
DA:399,0
DA:400,0
DA:401,0
DA:402,0
DA:405,0
DA:410,0
DA:411,0
DA:412,0
DA:414,0
DA:419,0
DA:423,0
DA:424,0
DA:425,0
DA:426,0
DA:429,0
DA:434,0
DA:435,0
DA:436,0
DA:438,0
DA:453,0
DA:454,0
DA:460,0
DA:461,0
DA:462,0
DA:464,0
DA:475,0
DA:476,0
DA:477,0
DA:478,0
DA:479,0
DA:481,0
DA:492,0
DA:493,0
DA:501,0
DA:502,0
DA:503,0
DA:504,0
DA:507,0
DA:509,0
DA:510,0
DA:511,0
DA:514,0
DA:515,0
DA:516,0
DA:520,0
DA:521,0
DA:540,1
LF:202
LH:5
BRDA:25,0,0,0
BRDA:25,0,1,0
BRDA:50,1,0,0
BRDA:55,2,0,0
BRDA:64,3,0,0
BRDA:84,4,0,0
BRDA:88,5,0,0
BRDA:88,5,1,0
BRDA:90,6,0,0
BRDA:90,6,1,0
BRDA:119,7,0,0
BRDA:124,8,0,0
BRDA:134,9,0,0
BRDA:139,10,0,0
BRDA:139,10,1,0
BRDA:143,11,0,0
BRDA:150,12,0,0
BRDA:150,12,1,0
BRDA:161,13,0,0
BRDA:168,14,0,0
BRDA:168,14,1,0
BRDA:193,15,0,0
BRDA:202,16,0,0
BRDA:202,16,1,0
BRDA:226,17,0,0
BRDA:245,18,0,0
BRDA:249,19,0,0
BRDA:249,19,1,0
BRDA:273,20,0,0
BRDA:277,21,0,0
BRDA:277,21,1,0
BRDA:305,22,0,0
BRDA:309,23,0,0
BRDA:309,23,1,0
BRDA:335,24,0,0
BRDA:340,25,0,0
BRDA:348,26,0,0
BRDA:352,27,0,0
BRDA:380,28,0,0
BRDA:385,29,0,0
BRDA:393,30,0,0
BRDA:393,30,1,0
BRDA:400,31,0,0
BRDA:411,32,0,0
BRDA:411,32,1,0
BRDA:424,33,0,0
BRDA:435,34,0,0
BRDA:435,34,1,0
BRDA:461,35,0,0
BRDA:461,35,1,0
BRDA:478,36,0,0
BRDA:478,36,1,0
BRDA:502,37,0,0
BRDA:510,38,0,0
BRDA:514,39,0,0
BRF:55
BRH:0
end_of_record
TN:
SF:src\dao\productDAO.ts
FN:15,(anonymous_1)
FN:16,(anonymous_2)
FN:18,(anonymous_3)
FN:32,(anonymous_4)
FN:33,(anonymous_5)
FN:35,(anonymous_6)
FN:40,(anonymous_7)
FN:68,(anonymous_8)
FN:69,(anonymous_9)
FN:77,(anonymous_10)
FN:94,(anonymous_11)
FN:95,(anonymous_12)
FN:97,(anonymous_13)
FN:106,(anonymous_14)
FN:108,(anonymous_15)
FN:119,(anonymous_16)
FN:120,(anonymous_17)
FN:122,(anonymous_18)
FN:127,(anonymous_19)
FN:138,(anonymous_20)
FN:139,(anonymous_21)
FN:141,(anonymous_22)
FN:155,(anonymous_23)
FN:156,(anonymous_24)
FN:158,(anonymous_25)
FN:173,(anonymous_26)
FN:174,(anonymous_27)
FN:176,(anonymous_28)
FN:181,(anonymous_29)
FN:192,(anonymous_30)
FN:193,(anonymous_31)
FN:195,(anonymous_32)
FN:217,(anonymous_33)
FN:218,(anonymous_34)
FN:220,(anonymous_35)
FN:225,(anonymous_36)
FN:236,(anonymous_37)
FN:237,(anonymous_38)
FN:239,(anonymous_39)
FN:244,(anonymous_40)
FNF:40
FNH:21
FNDA:0,(anonymous_1)
FNDA:0,(anonymous_2)
FNDA:0,(anonymous_3)
FNDA:1,(anonymous_4)
FNDA:1,(anonymous_5)
FNDA:1,(anonymous_6)
FNDA:0,(anonymous_7)
FNDA:0,(anonymous_8)
FNDA:0,(anonymous_9)
FNDA:0,(anonymous_10)
FNDA:0,(anonymous_11)
FNDA:0,(anonymous_12)
FNDA:0,(anonymous_13)
FNDA:0,(anonymous_14)
FNDA:0,(anonymous_15)
FNDA:1,(anonymous_16)
FNDA:1,(anonymous_17)
FNDA:1,(anonymous_18)
FNDA:0,(anonymous_19)
FNDA:0,(anonymous_20)
FNDA:0,(anonymous_21)
FNDA:0,(anonymous_22)
FNDA:1,(anonymous_23)
FNDA:1,(anonymous_24)
FNDA:1,(anonymous_25)
FNDA:2,(anonymous_26)
FNDA:2,(anonymous_27)
FNDA:2,(anonymous_28)
FNDA:0,(anonymous_29)
FNDA:14,(anonymous_30)
FNDA:14,(anonymous_31)
FNDA:14,(anonymous_32)
FNDA:2,(anonymous_33)
FNDA:2,(anonymous_34)
FNDA:2,(anonymous_35)
FNDA:0,(anonymous_36)
FNDA:1,(anonymous_37)
FNDA:1,(anonymous_38)
FNDA:1,(anonymous_39)
FNDA:0,(anonymous_40)
DA:1,1
DA:2,1
DA:3,1
DA:16,0
DA:17,0
DA:18,0
DA:19,0
DA:20,0
DA:22,0
DA:33,1
DA:34,1
DA:35,1
DA:36,1
DA:37,1
DA:38,1
DA:40,0
DA:41,0
DA:42,0
DA:69,0
DA:71,0
DA:72,0
DA:73,0
DA:76,0
DA:77,0
DA:79,0
DA:80,0
DA:82,0
DA:95,0
DA:96,0
DA:97,0
DA:98,0
DA:99,0
DA:100,0
DA:102,0
DA:103,0
DA:104,0
DA:106,0
DA:107,0
DA:109,0
DA:120,1
DA:121,1
DA:122,1
DA:123,1
DA:124,1
DA:125,1
DA:127,0
DA:128,0
DA:139,0
DA:140,0
DA:141,0
DA:142,0
DA:143,0
DA:145,0
DA:156,1
DA:157,1
DA:158,1
DA:159,1
DA:160,1
DA:162,0
DA:174,2
DA:175,2
DA:176,2
DA:177,2
DA:178,2
DA:179,2
DA:181,0
DA:182,0
DA:193,14
DA:194,14
DA:195,14
DA:196,14
DA:197,14
DA:198,14
DA:200,0
DA:201,0
DA:202,0
DA:203,0
DA:206,0
DA:207,0
DA:218,2
DA:219,2
DA:220,2
DA:221,2
DA:222,2
DA:223,2
DA:225,0
DA:226,0
DA:237,1
DA:238,1
DA:239,1
DA:240,1
DA:241,1
DA:244,1
DA:245,0
DA:251,1
LF:95
LH:45
BRDA:19,0,0,0
BRDA:19,0,1,0
BRDA:36,1,0,1
BRDA:71,2,0,0
BRDA:79,3,0,0
BRDA:79,3,1,0
BRDA:98,4,0,0
BRDA:102,5,0,0
BRDA:123,6,0,1
BRDA:142,7,0,0
BRDA:142,7,1,0
BRDA:159,8,0,1
BRDA:159,8,1,0
BRDA:177,9,0,2
BRDA:196,10,0,14
BRDA:200,11,0,0
BRDA:221,12,0,2
BRDA:240,13,0,1
BRF:18
BRH:7
end_of_record
TN:
SF:src\dao\reviewDAO.ts
FN:16,(anonymous_1)
FN:17,(anonymous_2)
FN:19,(anonymous_3)
FN:34,(anonymous_4)
FN:35,(anonymous_5)
FN:37,(anonymous_6)
FN:42,(anonymous_7)
FN:54,(anonymous_8)
FN:55,(anonymous_9)
FN:57,(anonymous_10)
FN:72,(anonymous_11)
FN:73,(anonymous_12)
FN:75,(anonymous_13)
FN:89,(anonymous_14)
FN:90,(anonymous_15)
FN:92,(anonymous_16)
FN:107,(anonymous_17)
FN:108,(anonymous_18)
FN:110,(anonymous_19)
FNF:19
FNH:0
FNDA:0,(anonymous_1)
FNDA:0,(anonymous_2)
FNDA:0,(anonymous_3)
FNDA:0,(anonymous_4)
FNDA:0,(anonymous_5)
FNDA:0,(anonymous_6)
FNDA:0,(anonymous_7)
FNDA:0,(anonymous_8)
FNDA:0,(anonymous_9)
FNDA:0,(anonymous_10)
FNDA:0,(anonymous_11)
FNDA:0,(anonymous_12)
FNDA:0,(anonymous_13)
FNDA:0,(anonymous_14)
FNDA:0,(anonymous_15)
FNDA:0,(anonymous_16)
FNDA:0,(anonymous_17)
FNDA:0,(anonymous_18)
FNDA:0,(anonymous_19)
DA:1,1
DA:2,1
DA:17,0
DA:18,0
DA:19,0
DA:20,0
DA:21,0
DA:23,0
DA:35,0
DA:36,0
DA:37,0
DA:38,0
DA:39,0
DA:40,0
DA:42,0
DA:43,0
DA:55,0
DA:56,0
DA:57,0
DA:58,0
DA:59,0
DA:61,0
DA:73,0
DA:74,0
DA:75,0
DA:76,0
DA:77,0
DA:79,0
DA:90,0
DA:91,0
DA:92,0
DA:93,0
DA:94,0
DA:96,0
DA:108,0
DA:109,0
DA:110,0
DA:111,0
DA:112,0
DA:114,0
DA:121,1
LF:41
LH:3
BRDA:20,0,0,0
BRDA:20,0,1,0
BRDA:38,1,0,0
BRDA:58,2,0,0
BRDA:58,2,1,0
BRDA:76,3,0,0
BRDA:76,3,1,0
BRDA:93,4,0,0
BRDA:93,4,1,0
BRDA:111,5,0,0
BRDA:111,5,1,0
BRF:11
BRH:0
end_of_record
TN:
SF:src\dao\userDAO.ts
FN:18,(anonymous_1)
FN:19,(anonymous_2)
FN:26,(anonymous_3)
FN:52,(anonymous_4)
FN:53,(anonymous_5)
FN:58,(anonymous_6)
FN:73,(anonymous_7)
FN:74,(anonymous_8)
FN:76,(anonymous_9)
FN:91,(anonymous_10)
FN:92,(anonymous_11)
FN:94,(anonymous_12)
FN:105,(anonymous_13)
FN:106,(anonymous_14)
FN:108,(anonymous_15)
FN:115,(anonymous_16)
FN:116,(anonymous_17)
FN:119,(anonymous_18)
FN:127,(anonymous_19)
FN:128,(anonymous_20)
FN:131,(anonymous_21)
FN:139,(anonymous_22)
FN:140,(anonymous_23)
FN:143,(anonymous_24)
FN:148,(anonymous_25)
FN:155,(anonymous_26)
FN:156,(anonymous_27)
FN:159,(anonymous_28)
FN:164,(anonymous_29)
FN:171,(anonymous_30)
FN:172,(anonymous_31)
FN:175,(anonymous_32)
FNF:32
FNH:9
FNDA:3,(anonymous_1)
FNDA:3,(anonymous_2)
FNDA:3,(anonymous_3)
FNDA:3,(anonymous_4)
FNDA:3,(anonymous_5)
FNDA:3,(anonymous_6)
FNDA:59,(anonymous_7)
FNDA:59,(anonymous_8)
FNDA:59,(anonymous_9)
FNDA:0,(anonymous_10)
FNDA:0,(anonymous_11)
FNDA:0,(anonymous_12)
FNDA:0,(anonymous_13)
FNDA:0,(anonymous_14)
FNDA:0,(anonymous_15)
FNDA:0,(anonymous_16)
FNDA:0,(anonymous_17)
FNDA:0,(anonymous_18)
FNDA:0,(anonymous_19)
FNDA:0,(anonymous_20)
FNDA:0,(anonymous_21)
FNDA:0,(anonymous_22)
FNDA:0,(anonymous_23)
FNDA:0,(anonymous_24)
FNDA:0,(anonymous_25)
FNDA:0,(anonymous_26)
FNDA:0,(anonymous_27)
FNDA:0,(anonymous_28)
FNDA:0,(anonymous_29)
FNDA:0,(anonymous_30)
FNDA:0,(anonymous_31)
FNDA:0,(anonymous_32)
DA:1,1
DA:2,1
DA:3,1
DA:4,1
DA:19,3
DA:25,3
DA:26,3
DA:27,3
DA:29,3
DA:30,0
DA:33,3
DA:34,3
DA:35,3
DA:36,3
DA:53,3
DA:55,3
DA:56,3
DA:57,3
DA:58,3
DA:59,3
DA:60,0
DA:61,0
DA:63,3
DA:74,59
DA:75,59
DA:76,59
DA:77,59
DA:78,0
DA:79,0
DA:81,59
DA:82,0
DA:83,0
DA:85,59
DA:86,59
DA:92,0
DA:93,0
DA:94,0
DA:95,0
DA:96,0
DA:97,0
DA:98,0
DA:100,0
DA:106,0
DA:107,0
DA:108,0
DA:109,0
DA:110,0
DA:116,0
DA:118,0
DA:119,0
DA:120,0
DA:121,0
DA:128,0
DA:130,0
DA:131,0
DA:132,0
DA:133,0
DA:140,0
DA:142,0
DA:143,0
DA:144,0
DA:145,0
DA:146,0
DA:148,0
DA:149,0
DA:156,0
DA:158,0
DA:159,0
DA:160,0
DA:161,0
DA:162,0
DA:164,0
DA:165,0
DA:172,0
DA:174,0
DA:175,0
DA:176,0
DA:177,0
DA:178,0
DA:179,0
DA:181,0
DA:187,1
LF:82
LH:28
BRDA:27,0,0,0
BRDA:29,1,0,0
BRDA:29,1,1,3
BRDA:29,2,0,3
BRDA:29,2,1,3
BRDA:29,2,2,3
BRDA:35,3,0,0
BRDA:59,4,0,0
BRDA:60,5,0,0
BRDA:77,6,0,0
BRDA:81,7,0,0
BRDA:95,8,0,0
BRDA:96,9,0,0
BRDA:109,10,0,0
BRDA:120,11,0,0
BRDA:132,12,0,0
BRDA:144,13,0,0
BRDA:160,14,0,0
BRDA:176,15,0,0
BRDA:177,16,0,0
BRF:20
BRH:4
end_of_record
TN:
SF:src\db\cleanup.ts
FN:10,cleanup
FN:11,(anonymous_2)
FNF:2
FNH:2
FNDA:2,cleanup
FNDA:2,(anonymous_2)
DA:3,1
DA:10,1
DA:11,2
DA:13,2
LF:4
LH:4
BRF:0
BRH:0
end_of_record
TN:
SF:src\db\db.ts
FN:22,(anonymous_0)
FNF:1
FNH:1
FNDA:1,(anonymous_0)
DA:9,1
DA:16,1
DA:19,1
DA:22,1
DA:23,1
DA:24,1
DA:27,1
LF:7
LH:7
BRDA:16,0,0,1
BRDA:16,0,1,0
BRDA:19,1,0,1
BRDA:19,1,1,0
BRDA:23,2,0,0
BRF:5
BRH:2
end_of_record
TN:
SF:src\errors\cartError.ts
FN:14,(anonymous_0)
FN:28,(anonymous_1)
FN:42,(anonymous_2)
FN:56,(anonymous_3)
FN:67,(anonymous_4)
FNF:5
FNH:0
FNDA:0,(anonymous_0)
FNDA:0,(anonymous_1)
FNDA:0,(anonymous_2)
FNDA:0,(anonymous_3)
FNDA:0,(anonymous_4)
DA:1,1
DA:2,1
DA:3,1
DA:4,1
DA:5,1
DA:15,0
DA:16,0
DA:17,0
DA:29,0
DA:30,0
DA:31,0
DA:43,0
DA:44,0
DA:45,0
DA:57,0
DA:58,0
DA:59,0
DA:68,0
DA:69,0
DA:70,0
DA:74,1
LF:21
LH:6
BRF:0
BRH:0
end_of_record
TN:
SF:src\errors\productError.ts
FN:14,(anonymous_0)
FN:28,(anonymous_1)
FN:42,(anonymous_2)
FN:53,(anonymous_3)
FN:64,(anonymous_4)
FNF:5
FNH:0
FNDA:0,(anonymous_0)
FNDA:0,(anonymous_1)
FNDA:0,(anonymous_2)
FNDA:0,(anonymous_3)
FNDA:0,(anonymous_4)
DA:1,1
DA:2,1
DA:3,1
DA:4,1
DA:5,1
DA:15,0
DA:16,0
DA:17,0
DA:29,0
DA:30,0
DA:31,0
DA:43,0
DA:44,0
DA:45,0
DA:54,0
DA:55,0
DA:56,0
DA:65,0
DA:66,0
DA:67,0
DA:71,1
LF:21
LH:6
BRF:0
BRH:0
end_of_record
TN:
SF:src\errors\reviewError.ts
FN:8,(anonymous_0)
FN:19,(anonymous_1)
FNF:2
FNH:0
FNDA:0,(anonymous_0)
FNDA:0,(anonymous_1)
DA:1,1
DA:2,1
DA:9,0
DA:10,0
DA:11,0
DA:20,0
DA:21,0
DA:22,0
DA:26,1
LF:9
LH:3
BRF:0
BRH:0
end_of_record
TN:
SF:src\errors\userError.ts
FN:16,(anonymous_0)
FN:30,(anonymous_1)
FN:44,(anonymous_2)
FN:60,(anonymous_3)
FN:71,(anonymous_4)
FN:82,(anonymous_5)
FN:93,(anonymous_6)
FNF:7
FNH:0
FNDA:0,(anonymous_0)
FNDA:0,(anonymous_1)
FNDA:0,(anonymous_2)
FNDA:0,(anonymous_3)
FNDA:0,(anonymous_4)
FNDA:0,(anonymous_5)
FNDA:0,(anonymous_6)
DA:1,1
DA:2,1
DA:3,1
DA:4,1
DA:5,1
DA:6,1
DA:7,1
DA:17,0
DA:18,0
DA:19,0
DA:31,0
DA:32,0
DA:33,0
DA:45,0
DA:46,0
DA:47,0
DA:61,0
DA:62,0
DA:63,0
DA:72,0
DA:73,0
DA:74,0
DA:83,0
DA:84,0
DA:85,0
DA:94,0
DA:95,0
DA:96,0
DA:100,1
LF:29
LH:8
BRF:0
BRH:0
end_of_record
TN:
SF:src\routers\auth.ts
FN:20,(anonymous_1)
FN:30,(anonymous_2)
FN:49,(anonymous_3)
FN:50,(anonymous_4)
FN:52,(anonymous_5)
FN:66,(anonymous_6)
FN:76,(anonymous_7)
FN:77,(anonymous_8)
FN:79,(anonymous_9)
FN:96,(anonymous_10)
FN:97,(anonymous_11)
FN:98,(anonymous_12)
FN:102,(anonymous_13)
FN:117,(anonymous_14)
FN:118,(anonymous_15)
FN:119,(anonymous_16)
FN:131,(anonymous_17)
FN:144,(anonymous_18)
FN:157,(anonymous_19)
FN:162,(anonymous_20)
FN:167,(anonymous_21)
FNF:21
FNH:14
FNDA:1,(anonymous_1)
FNDA:1,(anonymous_2)
FNDA:3,(anonymous_3)
FNDA:3,(anonymous_4)
FNDA:3,(anonymous_5)
FNDA:3,(anonymous_6)
FNDA:56,(anonymous_7)
FNDA:56,(anonymous_8)
FNDA:0,(anonymous_9)
FNDA:3,(anonymous_10)
FNDA:3,(anonymous_11)
FNDA:3,(anonymous_12)
FNDA:3,(anonymous_13)
FNDA:0,(anonymous_14)
FNDA:0,(anonymous_15)
FNDA:0,(anonymous_16)
FNDA:63,(anonymous_17)
FNDA:0,(anonymous_18)
FNDA:0,(anonymous_19)
FNDA:0,(anonymous_20)
FNDA:50,(anonymous_21)
DA:3,1
DA:4,1
DA:5,1
DA:6,1
DA:7,1
DA:21,1
DA:22,1
DA:23,1
DA:31,1
DA:38,1
DA:39,1
DA:41,1
DA:48,1
DA:50,3
DA:51,3
DA:52,3
DA:53,3
DA:56,0
DA:66,1
DA:67,3
DA:76,1
DA:77,56
DA:78,56
DA:80,0
DA:97,3
DA:98,3
DA:99,3
DA:100,3
DA:102,3
DA:103,3
DA:104,3
DA:118,0
DA:119,0
DA:132,63
DA:133,7
DA:145,0
DA:146,0
DA:158,0
DA:159,0
DA:163,0
DA:164,0
DA:168,50
DA:169,6
DA:174,1
LF:44
LH:34
BRDA:51,0,0,3
BRDA:51,0,1,0
BRDA:99,1,0,0
BRDA:100,2,0,0
BRDA:103,3,0,0
BRDA:132,4,0,56
BRDA:145,5,0,0
BRDA:145,6,0,0
BRDA:145,6,1,0
BRDA:158,7,0,0
BRDA:158,8,0,0
BRDA:158,8,1,0
BRDA:163,9,0,0
BRDA:163,10,0,0
BRDA:163,10,1,0
BRDA:168,11,0,44
BRDA:168,12,0,50
BRDA:168,12,1,50
BRDA:168,12,2,49
BRF:19
BRH:6
end_of_record
TN:
SF:src\routers\cartRoutes.ts
FN:21,(anonymous_1)
FN:33,(anonymous_2)
FN:44,(anonymous_3)
FN:55,(anonymous_4)
FN:56,(anonymous_5)
FN:59,(anonymous_6)
FN:76,(anonymous_7)
FN:77,(anonymous_8)
FN:78,(anonymous_9)
FN:93,(anonymous_10)
FN:94,(anonymous_11)
FN:95,(anonymous_12)
FN:109,(anonymous_13)
FN:110,(anonymous_14)
FN:111,(anonymous_15)
FN:125,(anonymous_16)
FN:126,(anonymous_17)
FN:127,(anonymous_18)
FN:142,(anonymous_19)
FN:143,(anonymous_20)
FN:144,(anonymous_21)
FN:156,(anonymous_22)
FN:157,(anonymous_23)
FN:158,(anonymous_24)
FN:170,(anonymous_25)
FN:171,(anonymous_26)
FN:172,(anonymous_27)
FNF:27
FNH:3
FNDA:1,(anonymous_1)
FNDA:1,(anonymous_2)
FNDA:1,(anonymous_3)
FNDA:0,(anonymous_4)
FNDA:0,(anonymous_5)
FNDA:0,(anonymous_6)
FNDA:0,(anonymous_7)
FNDA:0,(anonymous_8)
FNDA:0,(anonymous_9)
FNDA:0,(anonymous_10)
FNDA:0,(anonymous_11)
FNDA:0,(anonymous_12)
FNDA:0,(anonymous_13)
FNDA:0,(anonymous_14)
FNDA:0,(anonymous_15)
FNDA:0,(anonymous_16)
FNDA:0,(anonymous_17)
FNDA:0,(anonymous_18)
FNDA:0,(anonymous_19)
FNDA:0,(anonymous_20)
FNDA:0,(anonymous_21)
FNDA:0,(anonymous_22)
FNDA:0,(anonymous_23)
FNDA:0,(anonymous_24)
FNDA:0,(anonymous_25)
FNDA:0,(anonymous_26)
FNDA:0,(anonymous_27)
DA:1,1
DA:2,1
DA:3,1
DA:4,1
DA:22,1
DA:23,1
DA:24,1
DA:25,1
DA:26,1
DA:34,1
DA:51,1
DA:55,0
DA:57,0
DA:60,0
DA:71,1
DA:76,0
DA:77,0
DA:79,0
DA:89,1
DA:93,0
DA:94,0
DA:96,0
DA:105,1
DA:109,0
DA:110,0
DA:111,0
DA:120,1
DA:125,0
DA:126,0
DA:128,0
DA:138,1
DA:142,0
DA:143,0
DA:144,0
DA:152,1
DA:156,0
DA:157,0
DA:158,0
DA:166,1
DA:170,0
DA:171,0
DA:172,0
DA:177,1
LF:43
LH:19
BRF:0
BRH:0
end_of_record
TN:
SF:src\routers\productRoutes.ts
FN:22,(anonymous_1)
FN:34,(anonymous_2)
FN:46,(anonymous_3)
FN:71,(anonymous_4)
FN:72,(anonymous_5)
FN:73,(anonymous_6)
FN:91,(anonymous_7)
FN:98,(anonymous_8)
FN:99,(anonymous_9)
FN:100,(anonymous_10)
FN:118,(anonymous_11)
FN:125,(anonymous_12)
FN:126,(anonymous_13)
FN:127,(anonymous_14)
FN:148,(anonymous_15)
FN:163,(anonymous_16)
FN:178,(anonymous_17)
FN:179,(anonymous_18)
FN:180,(anonymous_19)
FN:200,(anonymous_20)
FN:215,(anonymous_21)
FN:230,(anonymous_22)
FN:231,(anonymous_23)
FN:232,(anonymous_24)
FN:244,(anonymous_25)
FN:245,(anonymous_26)
FN:246,(anonymous_27)
FN:261,(anonymous_28)
FN:262,(anonymous_29)
FN:263,(anonymous_30)
FNF:30
FNH:23
FNDA:1,(anonymous_1)
FNDA:1,(anonymous_2)
FNDA:1,(anonymous_3)
FNDA:4,(anonymous_4)
FNDA:0,(anonymous_5)
FNDA:4,(anonymous_6)
FNDA:4,(anonymous_7)
FNDA:3,(anonymous_8)
FNDA:0,(anonymous_9)
FNDA:3,(anonymous_10)
FNDA:4,(anonymous_11)
FNDA:4,(anonymous_12)
FNDA:0,(anonymous_13)
FNDA:4,(anonymous_14)
FNDA:2,(anonymous_15)
FNDA:2,(anonymous_16)
FNDA:4,(anonymous_17)
FNDA:0,(anonymous_18)
FNDA:4,(anonymous_19)
FNDA:2,(anonymous_20)
FNDA:2,(anonymous_21)
FNDA:4,(anonymous_22)
FNDA:0,(anonymous_23)
FNDA:4,(anonymous_24)
FNDA:1,(anonymous_25)
FNDA:0,(anonymous_26)
FNDA:1,(anonymous_27)
FNDA:2,(anonymous_28)
FNDA:0,(anonymous_29)
FNDA:2,(anonymous_30)
DA:1,1
DA:2,1
DA:3,1
DA:4,1
DA:7,1
DA:23,1
DA:24,1
DA:25,1
DA:26,1
DA:27,1
DA:35,1
DA:60,1
DA:71,4
DA:72,0
DA:73,4
DA:85,1
DA:92,4
DA:93,2
DA:95,2
DA:98,3
DA:99,0
DA:100,3
DA:112,1
DA:119,4
DA:120,2
DA:122,2
DA:125,4
DA:126,0
DA:128,4
DA:129,4
DA:142,1
DA:149,2
DA:153,0
DA:154,2
DA:158,2
DA:160,0
DA:164,2
DA:168,1
DA:169,1
DA:173,1
DA:175,0
DA:178,4
DA:179,0
DA:181,4
DA:182,4
DA:195,1
DA:201,2
DA:205,0
DA:206,2
DA:210,2
DA:212,0
DA:216,2
DA:220,1
DA:221,1
DA:225,1
DA:227,0
DA:230,4
DA:231,0
DA:232,4
DA:240,1
DA:244,1
DA:245,0
DA:246,1
DA:255,1
DA:261,2
DA:262,0
DA:263,2
DA:270,1
LF:68
LH:55
BRDA:92,0,0,2
BRDA:119,1,0,2
BRDA:149,2,0,0
BRDA:149,2,1,2
BRDA:150,3,0,2
BRDA:150,3,1,2
BRDA:154,4,0,2
BRDA:155,5,0,2
BRDA:155,5,1,2
BRDA:164,6,0,1
BRDA:164,6,1,1
BRDA:165,7,0,2
BRDA:165,7,1,2
BRDA:169,8,0,1
BRDA:170,9,0,1
BRDA:170,9,1,1
BRDA:201,10,0,0
BRDA:201,10,1,2
BRDA:202,11,0,2
BRDA:202,11,1,2
BRDA:206,12,0,2
BRDA:207,13,0,2
BRDA:207,13,1,2
BRDA:216,14,0,1
BRDA:216,14,1,1
BRDA:217,15,0,2
BRDA:217,15,1,2
BRDA:221,16,0,1
BRDA:222,17,0,1
BRDA:222,17,1,1
BRF:30
BRH:28
end_of_record
TN:
SF:src\routers\reviewRoutes.ts
FN:14,(anonymous_1)
FN:22,(anonymous_2)
FN:26,(anonymous_3)
FN:46,(anonymous_4)
FN:47,(anonymous_5)
FN:48,(anonymous_6)
FN:65,(anonymous_7)
FN:66,(anonymous_8)
FN:67,(anonymous_9)
FN:82,(anonymous_10)
FN:83,(anonymous_11)
FN:84,(anonymous_12)
FN:102,(anonymous_13)
FN:103,(anonymous_14)
FN:104,(anonymous_15)
FN:115,(anonymous_16)
FN:116,(anonymous_17)
FN:117,(anonymous_18)
FNF:18
FNH:3
FNDA:1,(anonymous_1)
FNDA:1,(anonymous_2)
FNDA:1,(anonymous_3)
FNDA:0,(anonymous_4)
FNDA:0,(anonymous_5)
FNDA:0,(anonymous_6)
FNDA:0,(anonymous_7)
FNDA:0,(anonymous_8)
FNDA:0,(anonymous_9)
FNDA:0,(anonymous_10)
FNDA:0,(anonymous_11)
FNDA:0,(anonymous_12)
FNDA:0,(anonymous_13)
FNDA:0,(anonymous_14)
FNDA:0,(anonymous_15)
FNDA:0,(anonymous_16)
FNDA:0,(anonymous_17)
FNDA:0,(anonymous_18)
DA:1,1
DA:2,1
DA:3,1
DA:4,1
DA:15,1
DA:16,1
DA:17,1
DA:18,1
DA:19,1
DA:23,1
DA:38,1
DA:46,0
DA:47,0
DA:49,0
DA:50,0
DA:60,1
DA:65,0
DA:66,0
DA:67,0
DA:76,1
DA:82,0
DA:83,0
DA:85,0
DA:86,0
DA:96,1
DA:102,0
DA:103,0
DA:104,0
DA:112,1
DA:115,0
DA:116,0
DA:117,0
DA:122,1
LF:33
LH:16
BRF:0
BRH:0
end_of_record
TN:
SF:src\routers\userRoutes.ts
FN:21,(anonymous_1)
FN:33,(anonymous_2)
FN:44,(anonymous_3)
FN:64,(anonymous_4)
FN:65,(anonymous_5)
FN:66,(anonymous_6)
FN:80,(anonymous_7)
FN:81,(anonymous_8)
FN:82,(anonymous_9)
FN:95,(anonymous_10)
FN:96,(anonymous_11)
FN:97,(anonymous_12)
FN:109,(anonymous_13)
FN:110,(anonymous_14)
FN:111,(anonymous_15)
FN:123,(anonymous_16)
FN:124,(anonymous_17)
FN:125,(anonymous_18)
FN:137,(anonymous_19)
FN:138,(anonymous_20)
FN:139,(anonymous_21)
FN:159,(anonymous_22)
FN:160,(anonymous_23)
FN:161,(anonymous_24)
FN:179,(anonymous_25)
FN:186,(anonymous_26)
FN:197,(anonymous_27)
FN:210,(anonymous_28)
FN:211,(anonymous_29)
FN:212,(anonymous_30)
FN:222,(anonymous_31)
FN:223,(anonymous_32)
FN:224,(anonymous_33)
FN:234,(anonymous_34)
FNF:34
FNH:10
FNDA:1,(anonymous_1)
FNDA:1,(anonymous_2)
FNDA:1,(anonymous_3)
FNDA:3,(anonymous_4)
FNDA:3,(anonymous_5)
FNDA:0,(anonymous_6)
FNDA:0,(anonymous_7)
FNDA:0,(anonymous_8)
FNDA:0,(anonymous_9)
FNDA:0,(anonymous_10)
FNDA:0,(anonymous_11)
FNDA:0,(anonymous_12)
FNDA:0,(anonymous_13)
FNDA:0,(anonymous_14)
FNDA:0,(anonymous_15)
FNDA:0,(anonymous_16)
FNDA:0,(anonymous_17)
FNDA:0,(anonymous_18)
FNDA:0,(anonymous_19)
FNDA:0,(anonymous_20)
FNDA:0,(anonymous_21)
FNDA:0,(anonymous_22)
FNDA:0,(anonymous_23)
FNDA:0,(anonymous_24)
FNDA:1,(anonymous_25)
FNDA:1,(anonymous_26)
FNDA:1,(anonymous_27)
FNDA:3,(anonymous_28)
FNDA:3,(anonymous_29)
FNDA:0,(anonymous_30)
FNDA:0,(anonymous_31)
FNDA:0,(anonymous_32)
FNDA:0,(anonymous_33)
FNDA:0,(anonymous_34)
DA:1,1
DA:3,1
DA:5,1
DA:6,1
DA:22,1
DA:23,1
DA:24,1
DA:25,1
DA:26,1
DA:34,1
DA:57,1
DA:64,3
DA:65,3
DA:67,0
DA:76,1
DA:80,0
DA:81,0
DA:82,0
DA:91,1
DA:95,0
DA:96,0
DA:97,0
DA:106,1
DA:109,0
DA:110,0
DA:111,0
DA:120,1
DA:123,0
DA:124,0
DA:125,0
DA:133,1
DA:137,0
DA:138,0
DA:139,0
DA:153,1
DA:159,0
DA:160,0
DA:161,0
DA:180,1
DA:181,1
DA:182,1
DA:183,1
DA:187,1
DA:208,1
DA:210,3
DA:211,3
DA:212,0
DA:220,1
DA:222,0
DA:223,0
DA:224,0
DA:232,1
DA:234,0
DA:239,1
LF:54
LH:30
BRF:0
BRH:0
end_of_record
